[Sun Oct  6 03:16:30 2024] PHP 8.2.21 Development Server (http://localhost:2525) started
[Sun Oct  6 03:20:30 2024] [::1]:33470 Accepted
[Sun Oct  6 03:20:30 2024] [::1]:33470 [302]: GET /
[Sun Oct  6 03:20:30 2024] [::1]:33470 Closing
[Sun Oct  6 03:20:30 2024] [::1]:33482 Accepted
[Sun Oct  6 03:20:30 2024] [::1]:33482 [200]: GET /login.php
[Sun Oct  6 03:20:30 2024] [::1]:33482 Closing
[Sun Oct  6 03:20:31 2024] [::1]:33486 Accepted
[Sun Oct  6 03:20:31 2024] [::1]:33486 [200]: GET /assets/css/bootstrap.min.css
[Sun Oct  6 03:20:31 2024] [::1]:33496 Accepted
[Sun Oct  6 03:20:31 2024] [::1]:33486 Closing
[Sun Oct  6 03:20:31 2024] [::1]:33496 [200]: GET /assets/css/style.css
[Sun Oct  6 03:20:31 2024] [::1]:33496 Closing
[Sun Oct  6 03:20:35 2024] [::1]:33504 Accepted
[Sun Oct  6 03:20:35 2024] [::1]:33504 [200]: GET /login.php
[Sun Oct  6 03:20:35 2024] [::1]:33504 Closing
[Sun Oct  6 03:20:35 2024] [::1]:33508 Accepted
[Sun Oct  6 03:20:35 2024] [::1]:33516 Accepted
[Sun Oct  6 03:20:35 2024] [::1]:33508 [200]: GET /assets/css/bootstrap.min.css
[Sun Oct  6 03:20:35 2024] [::1]:33516 [200]: GET /assets/css/style.css
[Sun Oct  6 03:20:35 2024] [::1]:33516 Closing
[Sun Oct  6 03:20:35 2024] [::1]:33508 Closing
[Sun Oct  6 03:20:41 2024] [::1]:58506 Accepted
[Sun Oct  6 03:20:41 2024] [::1]:58506 [200]: POST /login.php
[Sun Oct  6 03:20:41 2024] [::1]:58506 Closing
[Sun Oct  6 03:20:42 2024] [::1]:58512 Accepted
[Sun Oct  6 03:20:42 2024] [::1]:58528 Accepted
[Sun Oct  6 03:20:42 2024] [::1]:58512 [200]: GET /assets/css/style.css
[Sun Oct  6 03:20:42 2024] [::1]:58512 Closing
[Sun Oct  6 03:20:42 2024] [::1]:58528 [200]: GET /assets/css/bootstrap.min.css
[Sun Oct  6 03:20:42 2024] [::1]:58528 Closing
[Sun Oct  6 03:20:43 2024] [::1]:58540 Accepted
[Sun Oct  6 03:20:43 2024] [::1]:58540 [200]: GET /panel.php
[Sun Oct  6 03:20:43 2024] [::1]:58540 Closing
[Sun Oct  6 03:20:43 2024] [::1]:58552 Accepted
[Sun Oct  6 03:20:43 2024] [::1]:58552 [200]: GET /assets/css/bootstrap.min.css
[Sun Oct  6 03:20:43 2024] [::1]:58552 Closing
[Sun Oct  6 03:20:43 2024] [::1]:58558 Accepted
[Sun Oct  6 03:20:43 2024] [::1]:58570 Accepted
[Sun Oct  6 03:20:43 2024] [::1]:58558 [200]: GET /assets/js/script.js
[Sun Oct  6 03:20:43 2024] [::1]:58570 [200]: GET /assets/js/jquery.min.js
[Sun Oct  6 03:20:43 2024] [::1]:58584 Accepted
[Sun Oct  6 03:20:43 2024] [::1]:58582 Accepted
[Sun Oct  6 03:20:43 2024] [::1]:58604 Accepted
[Sun Oct  6 03:20:43 2024] [::1]:58558 Closing
[Sun Oct  6 03:20:43 2024] [::1]:58570 Closing
[Sun Oct  6 03:20:43 2024] [::1]:58584 [200]: GET /assets/js/sweetalert2.min.js
[Sun Oct  6 03:20:43 2024] [::1]:58582 [200]: GET /assets/css/light-theme.min.css
[Sun Oct  6 03:20:43 2024] [::1]:58604 [200]: GET /assets/js/growl-notification.min.js
[Sun Oct  6 03:20:43 2024] [::1]:58584 Closing
[Sun Oct  6 03:20:43 2024] [::1]:58582 Closing
[Sun Oct  6 03:20:43 2024] [::1]:58604 Closing
[Sun Oct  6 03:20:44 2024] [::1]:58612 Accepted
[Sun Oct  6 03:20:44 2024] [::1]:58622 Accepted
[Sun Oct  6 03:20:44 2024] [::1]:58622 [200]: GET /Settings.json
[Sun Oct  6 03:20:44 2024] [::1]:58612 [200]: POST /list_templates.php
[Sun Oct  6 03:20:44 2024] [::1]:58612 Closing
[Sun Oct  6 03:20:44 2024] [::1]:58622 Closing
[Sun Oct  6 03:20:47 2024] [::1]:53082 Accepted
[Sun Oct  6 03:20:47 2024] [::1]:53082 [200]: POST /receiver.php
[Sun Oct  6 03:20:47 2024] [::1]:53082 Closing
[Sun Oct  6 03:20:49 2024] [::1]:53088 Accepted
[Sun Oct  6 03:20:49 2024] [::1]:53088 [200]: POST /receiver.php
[Sun Oct  6 03:20:49 2024] [::1]:53088 Closing
[Sun Oct  6 03:20:51 2024] [::1]:53092 Accepted
[Sun Oct  6 03:20:51 2024] [::1]:53092 [200]: POST /receiver.php
[Sun Oct  6 03:20:51 2024] [::1]:53092 Closing
[Sun Oct  6 03:20:53 2024] [::1]:53098 Accepted
[Sun Oct  6 03:20:53 2024] [::1]:53098 [200]: POST /receiver.php
[Sun Oct  6 03:20:53 2024] [::1]:53098 Closing
[Sun Oct  6 03:20:55 2024] [::1]:53104 Accepted
[Sun Oct  6 03:20:55 2024] [::1]:53104 [200]: POST /receiver.php
[Sun Oct  6 03:20:55 2024] [::1]:53104 Closing
[Sun Oct  6 03:21:41 2024] [::1]:49212 Accepted
[Sun Oct  6 03:21:41 2024] [::1]:49212 [302]: GET /panel.php
[Sun Oct  6 03:21:41 2024] [::1]:49212 Closing
[Sun Oct  6 03:21:41 2024] [::1]:49228 Accepted
[Sun Oct  6 03:21:41 2024] [::1]:49228 [200]: GET /login.php
[Sun Oct  6 03:21:41 2024] [::1]:49228 Closing
[Sun Oct  6 03:21:42 2024] [::1]:49240 Accepted
[Sun Oct  6 03:21:42 2024] [::1]:49240 [404]: GET /robots.txt - No such file or directory
[Sun Oct  6 03:21:42 2024] [::1]:49240 Closing
[Sun Oct  6 03:21:42 2024] [::1]:49256 Accepted
[Sun Oct  6 03:21:42 2024] [::1]:49256 [200]: GET /assets/css/bootstrap.min.css
[Sun Oct  6 03:21:42 2024] [::1]:49256 Closing
[Sun Oct  6 03:21:43 2024] [::1]:49260 Accepted
[Sun Oct  6 03:21:43 2024] [::1]:49260 [200]: GET /assets/css/style.css
[Sun Oct  6 03:21:43 2024] [::1]:49260 Closing
[Sun Oct  6 03:22:09 2024] [::1]:42554 Accepted
[Sun Oct  6 03:22:09 2024] [::1]:42554 [200]: GET /panel.php
[Sun Oct  6 03:22:09 2024] [::1]:42554 Closing
[Sun Oct  6 03:22:09 2024] [::1]:42564 Accepted
[Sun Oct  6 03:22:09 2024] [::1]:42566 Accepted
[Sun Oct  6 03:22:09 2024] [::1]:42582 Accepted
[Sun Oct  6 03:22:09 2024] [::1]:42588 Accepted
[Sun Oct  6 03:22:09 2024] [::1]:42564 [200]: GET /assets/js/script.js
[Sun Oct  6 03:22:09 2024] [::1]:42564 Closing
[Sun Oct  6 03:22:09 2024] [::1]:42596 Accepted
[Sun Oct  6 03:22:09 2024] [::1]:42566 [200]: GET /assets/js/growl-notification.min.js
[Sun Oct  6 03:22:09 2024] [::1]:42582 [200]: GET /assets/js/sweetalert2.min.js
[Sun Oct  6 03:22:09 2024] [::1]:42588 [200]: GET /assets/css/light-theme.min.css
[Sun Oct  6 03:22:09 2024] [::1]:42602 Accepted
[Sun Oct  6 03:22:09 2024] [::1]:42596 [200]: GET /assets/js/jquery.min.js
[Sun Oct  6 03:22:09 2024] [::1]:42566 Closing
[Sun Oct  6 03:22:09 2024] [::1]:42582 Closing
[Sun Oct  6 03:22:09 2024] [::1]:42588 Closing
[Sun Oct  6 03:22:09 2024] [::1]:42602 [200]: GET /assets/css/bootstrap.min.css
[Sun Oct  6 03:22:09 2024] [::1]:42596 Closing
[Sun Oct  6 03:22:09 2024] [::1]:42602 Closing
[Sun Oct  6 03:22:11 2024] [::1]:42606 Accepted
[Sun Oct  6 03:22:11 2024] [::1]:42606 [200]: GET /Settings.json
[Sun Oct  6 03:22:11 2024] [::1]:42606 Closing
[Sun Oct  6 03:22:11 2024] [::1]:42620 Accepted
[Sun Oct  6 03:22:11 2024] [::1]:42620 [200]: POST /list_templates.php
[Sun Oct  6 03:22:11 2024] [::1]:42620 Closing
[Sun Oct  6 03:22:14 2024] [::1]:42624 Accepted
[Sun Oct  6 03:22:14 2024] [::1]:42624 [200]: POST /receiver.php
[Sun Oct  6 03:22:14 2024] [::1]:42624 Closing
[Sun Oct  6 03:22:16 2024] [::1]:42636 Accepted
[Sun Oct  6 03:22:16 2024] [::1]:42636 [200]: POST /receiver.php
[Sun Oct  6 03:22:16 2024] [::1]:42636 Closing
[Sun Oct  6 03:22:18 2024] [::1]:40272 Accepted
[Sun Oct  6 03:22:18 2024] [::1]:40272 [200]: POST /receiver.php
[Sun Oct  6 03:22:18 2024] [::1]:40272 Closing
[Sun Oct  6 03:22:33 2024] [::1]:52450 Accepted
[Sun Oct  6 03:22:33 2024] [::1]:52450 [200]: GET /panel.php
[Sun Oct  6 03:22:33 2024] [::1]:52450 Closing
[Sun Oct  6 03:22:34 2024] [::1]:52452 Accepted
[Sun Oct  6 03:22:34 2024] [::1]:52466 Accepted
[Sun Oct  6 03:22:34 2024] [::1]:52452 [200]: GET /assets/js/jquery.min.js
[Sun Oct  6 03:22:34 2024] [::1]:52470 Accepted
[Sun Oct  6 03:22:34 2024] [::1]:52466 [200]: GET /assets/js/growl-notification.min.js
[Sun Oct  6 03:22:34 2024] [::1]:52478 Accepted
[Sun Oct  6 03:22:34 2024] [::1]:52452 Closing
[Sun Oct  6 03:22:34 2024] [::1]:52482 Accepted
[Sun Oct  6 03:22:34 2024] [::1]:52466 Closing
[Sun Oct  6 03:22:34 2024] [::1]:52478 [200]: GET /assets/css/bootstrap.min.css
[Sun Oct  6 03:22:34 2024] [::1]:52482 [200]: GET /assets/js/sweetalert2.min.js
[Sun Oct  6 03:22:34 2024] [::1]:52488 Accepted
[Sun Oct  6 03:22:34 2024] [::1]:52470 [200]: GET /assets/js/script.js
[Sun Oct  6 03:22:34 2024] [::1]:52482 Closing
[Sun Oct  6 03:22:34 2024] [::1]:52478 Closing
[Sun Oct  6 03:22:34 2024] [::1]:52470 Closing
[Sun Oct  6 03:22:34 2024] [::1]:52488 [200]: GET /assets/css/light-theme.min.css
[Sun Oct  6 03:22:34 2024] [::1]:52488 Closing
[Sun Oct  6 03:22:35 2024] [::1]:52498 Accepted
[Sun Oct  6 03:22:35 2024] [::1]:52504 Accepted
[Sun Oct  6 03:22:35 2024] [::1]:52498 [200]: POST /list_templates.php
[Sun Oct  6 03:22:35 2024] [::1]:52498 Closing
[Sun Oct  6 03:22:35 2024] [::1]:52504 [200]: GET /Settings.json
[Sun Oct  6 03:22:35 2024] [::1]:52504 Closing
[Sun Oct  6 03:22:38 2024] [::1]:42566 Accepted
[Sun Oct  6 03:22:38 2024] [::1]:42566 [200]: POST /receiver.php
[Sun Oct  6 03:22:38 2024] [::1]:42566 Closing
[Sun Oct  6 03:22:40 2024] [::1]:42578 Accepted
[Sun Oct  6 03:22:40 2024] [::1]:42578 [200]: POST /receiver.php
[Sun Oct  6 03:22:40 2024] [::1]:42578 Closing
[Sun Oct  6 03:22:42 2024] [::1]:42582 Accepted
[Sun Oct  6 03:22:42 2024] [::1]:42582 [200]: POST /receiver.php
[Sun Oct  6 03:22:42 2024] [::1]:42582 Closing
[Sun Oct  6 03:22:44 2024] [::1]:42584 Accepted
[Sun Oct  6 03:22:44 2024] [::1]:42584 [200]: POST /receiver.php
[Sun Oct  6 03:22:44 2024] [::1]:42584 Closing
[Sun Oct  6 03:22:46 2024] [::1]:42588 Accepted
[Sun Oct  6 03:22:46 2024] [::1]:42588 [200]: POST /receiver.php
[Sun Oct  6 03:22:46 2024] [::1]:42588 Closing
[Sun Oct  6 03:22:48 2024] [::1]:40226 Accepted
[Sun Oct  6 03:22:48 2024] [::1]:40226 [200]: POST /receiver.php
[Sun Oct  6 03:22:48 2024] [::1]:40226 Closing
[Sun Oct  6 03:22:50 2024] [::1]:40242 Accepted
[Sun Oct  6 03:22:50 2024] [::1]:40242 [200]: POST /receiver.php
[Sun Oct  6 03:22:50 2024] [::1]:40242 Closing
[Sun Oct  6 03:22:51 2024] [::1]:40258 Accepted
[Sun Oct  6 03:22:51 2024] [::1]:40258 [200]: GET /templates/microphone/index.html
[Sun Oct  6 03:22:51 2024] [::1]:40258 Closing
[Sun Oct  6 03:22:51 2024] [::1]:40270 Accepted
[Sun Oct  6 03:22:51 2024] [::1]:40276 Accepted
[Sun Oct  6 03:22:51 2024] [::1]:40270 [200]: GET /assets/js/loc.js
[Sun Oct  6 03:22:51 2024] [::1]:40288 Accepted
[Sun Oct  6 03:22:51 2024] [::1]:40300 Accepted
[Sun Oct  6 03:22:51 2024] [::1]:40270 Closing
[Sun Oct  6 03:22:51 2024] [::1]:40300 [200]: GET /assets/js/jquery.min.js
[Sun Oct  6 03:22:51 2024] [::1]:40300 Closing
[Sun Oct  6 03:22:51 2024] [::1]:40276 [200]: GET /templates/microphone/js/_app.js
[Sun Oct  6 03:22:51 2024] [::1]:40288 [200]: GET /assets/js/recorder.js
[Sun Oct  6 03:22:51 2024] [::1]:40302 Accepted
[Sun Oct  6 03:22:51 2024] [::1]:40302 [200]: GET /assets/js/client.min.js
[Sun Oct  6 03:22:51 2024] [::1]:40276 Closing
[Sun Oct  6 03:22:51 2024] [::1]:40288 Closing
[Sun Oct  6 03:22:51 2024] [::1]:40302 Closing
[Sun Oct  6 03:22:52 2024] [::1]:40318 Accepted
[Sun Oct  6 03:22:52 2024] [::1]:40318 [200]: POST /receiver.php
[Sun Oct  6 03:22:52 2024] [::1]:40318 Closing
[Sun Oct  6 03:22:55 2024] [::1]:40328 Accepted
[Sun Oct  6 03:22:55 2024] [::1]:40328 [200]: POST /receiver.php
[Sun Oct  6 03:22:55 2024] [::1]:40328 Closing
[Sun Oct  6 03:22:58 2024] [::1]:57060 Accepted
[Sun Oct  6 03:22:58 2024] [::1]:57060 [200]: POST /receiver.php
[Sun Oct  6 03:22:58 2024] [::1]:57060 Closing
[Sun Oct  6 03:22:58 2024] [::1]:57074 Accepted
[Sun Oct  6 03:23:00 2024] [::1]:57074 [200]: POST /templates/microphone/upload.php
[Sun Oct  6 03:23:00 2024] [::1]:57074 Closing
[Sun Oct  6 03:23:01 2024] [::1]:57080 Accepted
[Sun Oct  6 03:23:01 2024] [::1]:57080 [200]: POST /receiver.php
[Sun Oct  6 03:23:01 2024] [::1]:57080 Closing
[Sun Oct  6 03:23:03 2024] [::1]:57088 Accepted
[Sun Oct  6 03:23:03 2024] [::1]:57088 [200]: POST /receiver.php
[Sun Oct  6 03:23:03 2024] [::1]:57088 Closing
[Sun Oct  6 03:23:04 2024] [::1]:57100 Accepted
[Sun Oct  6 03:23:04 2024] [::1]:57100 [200]: GET /panel.php
[Sun Oct  6 03:23:04 2024] [::1]:57100 Closing
[Sun Oct  6 03:23:04 2024] [::1]:57116 Accepted
[Sun Oct  6 03:23:04 2024] [::1]:57132 Accepted
[Sun Oct  6 03:23:04 2024] [::1]:57116 [200]: GET /assets/js/growl-notification.min.js
[Sun Oct  6 03:23:04 2024] [::1]:57136 Accepted
[Sun Oct  6 03:23:04 2024] [::1]:57132 [200]: GET /assets/js/script.js
[Sun Oct  6 03:23:04 2024] [::1]:57150 Accepted
[Sun Oct  6 03:23:04 2024] [::1]:57136 [200]: GET /assets/js/sweetalert2.min.js
[Sun Oct  6 03:23:04 2024] [::1]:57154 Accepted
[Sun Oct  6 03:23:04 2024] [::1]:57116 Closing
[Sun Oct  6 03:23:04 2024] [::1]:57150 [200]: GET /assets/js/jquery.min.js
[Sun Oct  6 03:23:04 2024] [::1]:57160 Accepted
[Sun Oct  6 03:23:04 2024] [::1]:57132 Closing
[Sun Oct  6 03:23:04 2024] [::1]:57154 [200]: GET /assets/css/bootstrap.min.css
[Sun Oct  6 03:23:04 2024] [::1]:57160 [200]: GET /assets/css/light-theme.min.css
[Sun Oct  6 03:23:04 2024] [::1]:57136 Closing
[Sun Oct  6 03:23:04 2024] [::1]:57150 Closing
[Sun Oct  6 03:23:04 2024] [::1]:57160 Closing
[Sun Oct  6 03:23:04 2024] [::1]:57154 Closing
[Sun Oct  6 03:23:05 2024] [::1]:57166 Accepted
[Sun Oct  6 03:23:05 2024] [::1]:57180 Accepted
[Sun Oct  6 03:23:05 2024] [::1]:57166 [200]: GET /Settings.json
[Sun Oct  6 03:23:05 2024] [::1]:57180 [200]: POST /list_templates.php
[Sun Oct  6 03:23:05 2024] [::1]:57180 Closing
[Sun Oct  6 03:23:05 2024] [::1]:57166 Closing
[Sun Oct  6 03:23:08 2024] [::1]:44138 Accepted
[Sun Oct  6 03:23:08 2024] [::1]:44138 [200]: POST /receiver.php
[Sun Oct  6 03:23:08 2024] [::1]:44138 Closing
[Sun Oct  6 03:23:09 2024] [::1]:44146 Accepted
[Sun Oct  6 03:23:09 2024] [::1]:44146 [200]: GET /panel.php
[Sun Oct  6 03:23:09 2024] [::1]:44146 Closing
[Sun Oct  6 03:23:10 2024] [::1]:44152 Accepted
[Sun Oct  6 03:23:10 2024] [::1]:44168 Accepted
[Sun Oct  6 03:23:10 2024] [::1]:44178 Accepted
[Sun Oct  6 03:23:10 2024] [::1]:44180 Accepted
[Sun Oct  6 03:23:10 2024] [::1]:44152 [200]: GET /assets/css/light-theme.min.css
[Sun Oct  6 03:23:10 2024] [::1]:44152 Closing
[Sun Oct  6 03:23:10 2024] [::1]:44168 [200]: GET /assets/css/bootstrap.min.css
[Sun Oct  6 03:23:10 2024] [::1]:44168 Closing
[Sun Oct  6 03:23:10 2024] [::1]:44180 [200]: GET /assets/js/script.js
[Sun Oct  6 03:23:10 2024] [::1]:44180 Closing
[Sun Oct  6 03:23:10 2024] [::1]:44186 Accepted
[Sun Oct  6 03:23:10 2024] [::1]:44178 [200]: GET /assets/js/jquery.min.js
[Sun Oct  6 03:23:10 2024] [::1]:44178 Closing
[Sun Oct  6 03:23:10 2024] [::1]:44190 Accepted
[Sun Oct  6 03:23:10 2024] [::1]:44186 [200]: GET /assets/js/growl-notification.min.js
[Sun Oct  6 03:23:10 2024] [::1]:44190 [200]: GET /assets/js/sweetalert2.min.js
[Sun Oct  6 03:23:10 2024] [::1]:44186 Closing
[Sun Oct  6 03:23:10 2024] [::1]:44190 Closing
[Sun Oct  6 03:23:11 2024] [::1]:44194 Accepted
[Sun Oct  6 03:23:11 2024] [::1]:44202 Accepted
[Sun Oct  6 03:23:11 2024] [::1]:44194 [200]: GET /Settings.json
[Sun Oct  6 03:23:11 2024] [::1]:44202 [200]: POST /list_templates.php
[Sun Oct  6 03:23:11 2024] [::1]:44202 Closing
[Sun Oct  6 03:23:11 2024] [::1]:44194 Closing
[Sun Oct  6 03:23:14 2024] [::1]:44212 Accepted
[Sun Oct  6 03:23:14 2024] [::1]:44212 [200]: POST /receiver.php
[Sun Oct  6 03:23:14 2024] [::1]:44212 Closing
[Sun Oct  6 03:23:16 2024] [::1]:44220 Accepted
[Sun Oct  6 03:23:16 2024] [::1]:44220 [200]: POST /receiver.php
[Sun Oct  6 03:23:16 2024] [::1]:44220 Closing
[Sun Oct  6 03:23:18 2024] [::1]:39968 Accepted
[Sun Oct  6 03:23:18 2024] [::1]:39968 [200]: POST /receiver.php
[Sun Oct  6 03:23:18 2024] [::1]:39968 Closing
[Sun Oct  6 03:23:20 2024] [::1]:39974 Accepted
[Sun Oct  6 03:23:20 2024] [::1]:39974 [200]: POST /receiver.php
[Sun Oct  6 03:23:20 2024] [::1]:39974 Closing
[Sun Oct  6 03:23:22 2024] [::1]:39986 Accepted
[Sun Oct  6 03:23:22 2024] [::1]:39986 [200]: GET /templates/microphone/index.html
[Sun Oct  6 03:23:22 2024] [::1]:39986 Closing
[Sun Oct  6 03:23:22 2024] [::1]:39994 Accepted
[Sun Oct  6 03:23:22 2024] [::1]:39994 [200]: POST /receiver.php
[Sun Oct  6 03:23:22 2024] [::1]:39994 Closing
[Sun Oct  6 03:23:23 2024] [::1]:40004 Accepted
[Sun Oct  6 03:23:23 2024] [::1]:40016 Accepted
[Sun Oct  6 03:23:23 2024] [::1]:40026 Accepted
[Sun Oct  6 03:23:23 2024] [::1]:40016 [200]: GET /templates/microphone/js/_app.js
[Sun Oct  6 03:23:23 2024] [::1]:40038 Accepted
[Sun Oct  6 03:23:23 2024] [::1]:40016 Closing
[Sun Oct  6 03:23:23 2024] [::1]:40038 [200]: GET /assets/js/jquery.min.js
[Sun Oct  6 03:23:23 2024] [::1]:40038 Closing
[Sun Oct  6 03:23:23 2024] [::1]:40040 Accepted
[Sun Oct  6 03:23:23 2024] [::1]:40004 [200]: GET /assets/js/recorder.js
[Sun Oct  6 03:23:23 2024] [::1]:40004 Closing
[Sun Oct  6 03:23:23 2024] [::1]:40040 [200]: GET /assets/js/client.min.js
[Sun Oct  6 03:23:23 2024] [::1]:40040 Closing
[Sun Oct  6 03:23:23 2024] [::1]:40026 [200]: GET /assets/js/loc.js
[Sun Oct  6 03:23:23 2024] [::1]:40026 Closing
[Sun Oct  6 03:23:25 2024] [::1]:40048 Accepted
[Sun Oct  6 03:23:25 2024] [::1]:40048 [200]: POST /receiver.php
[Sun Oct  6 03:23:25 2024] [::1]:40048 Closing
[Sun Oct  6 03:23:28 2024] [::1]:60326 Accepted
[Sun Oct  6 03:23:28 2024] [::1]:60326 [200]: POST /receiver.php
[Sun Oct  6 03:23:28 2024] [::1]:60326 Closing
[Sun Oct  6 03:23:30 2024] [::1]:60330 Accepted
[Sun Oct  6 03:23:31 2024] [::1]:60330 [200]: POST /templates/microphone/upload.php
[Sun Oct  6 03:23:31 2024] [::1]:60330 Closing
[Sun Oct  6 03:23:31 2024] [::1]:60336 Accepted
[Sun Oct  6 03:23:31 2024] [::1]:60336 [200]: POST /receiver.php
[Sun Oct  6 03:23:31 2024] [::1]:60336 Closing
[Sun Oct  6 03:23:33 2024] [::1]:60342 Accepted
[Sun Oct  6 03:23:33 2024] [::1]:60342 [200]: POST /receiver.php
[Sun Oct  6 03:23:33 2024] [::1]:60342 Closing
[Sun Oct  6 03:23:35 2024] [::1]:60354 Accepted
[Sun Oct  6 03:23:35 2024] [::1]:60354 [200]: POST /receiver.php
[Sun Oct  6 03:23:35 2024] [::1]:60354 Closing
[Sun Oct  6 03:23:35 2024] [::1]:60360 Accepted
[Sun Oct  6 03:23:42 2024] [::1]:50138 Accepted
[Sun Oct  6 03:23:42 2024] [::1]:50138 [200]: POST /receiver.php
[Sun Oct  6 03:23:42 2024] [::1]:50138 Closing
[Sun Oct  6 03:23:42 2024] [::1]:60360 [200]: POST /templates/microphone/upload.php
[Sun Oct  6 03:23:42 2024] [::1]:60360 Closing
[Sun Oct  6 03:23:42 2024] [::1]:50146 Accepted
[Sun Oct  6 03:23:42 2024] [::1]:50156 Accepted
[Sun Oct  6 03:23:42 2024] [::1]:50146 [200]: POST /receiver.php
[Sun Oct  6 03:23:42 2024] [::1]:50146 Closing
[Sun Oct  6 03:23:42 2024] [::1]:50158 Accepted
[Sun Oct  6 03:23:42 2024] [::1]:50158 [200]: POST /receiver.php
[Sun Oct  6 03:23:42 2024] [::1]:50158 Closing
[Sun Oct  6 03:23:48 2024] [::1]:56560 Accepted
[Sun Oct  6 03:23:48 2024] [::1]:56566 Accepted
[Sun Oct  6 03:23:48 2024] [::1]:56560 [200]: POST /receiver.php
[Sun Oct  6 03:23:48 2024] [::1]:56560 Closing
[Sun Oct  6 03:23:48 2024] [::1]:50156 [200]: POST /templates/microphone/upload.php
[Sun Oct  6 03:23:48 2024] [::1]:50156 Closing
[Sun Oct  6 03:23:48 2024] [::1]:56582 Accepted
[Sun Oct  6 03:23:48 2024] [::1]:56566 [200]: POST /receiver.php
[Sun Oct  6 03:23:48 2024] [::1]:56566 Closing
[Sun Oct  6 03:23:48 2024] [::1]:56582 [200]: POST /receiver.php
[Sun Oct  6 03:23:48 2024] [::1]:56582 Closing
[Sun Oct  6 03:23:48 2024] [::1]:56586 Accepted
[Sun Oct  6 03:23:50 2024] [::1]:56586 [200]: POST /templates/microphone/upload.php
[Sun Oct  6 03:23:50 2024] [::1]:56586 Closing
[Sun Oct  6 03:23:50 2024] [::1]:56598 Accepted
[Sun Oct  6 03:23:50 2024] [::1]:56598 [200]: POST /receiver.php
[Sun Oct  6 03:23:50 2024] [::1]:56598 Closing
[Sun Oct  6 03:23:51 2024] [::1]:56606 Accepted
[Sun Oct  6 03:23:51 2024] [::1]:56606 [200]: POST /receiver.php
[Sun Oct  6 03:23:51 2024] [::1]:56606 Closing
[Sun Oct  6 03:23:53 2024] [::1]:56616 Accepted
[Sun Oct  6 03:23:53 2024] [::1]:56616 [200]: POST /receiver.php
[Sun Oct  6 03:23:53 2024] [::1]:56616 Closing
[Sun Oct  6 03:23:55 2024] [::1]:56632 Accepted
[Sun Oct  6 03:23:55 2024] [::1]:56632 [200]: POST /receiver.php
[Sun Oct  6 03:23:55 2024] [::1]:56632 Closing
[Sun Oct  6 03:23:57 2024] [::1]:41712 Accepted
[Sun Oct  6 03:23:57 2024] [::1]:41712 [200]: POST /receiver.php
[Sun Oct  6 03:23:57 2024] [::1]:41712 Closing
[Sun Oct  6 03:23:59 2024] [::1]:41714 Accepted
[Sun Oct  6 03:23:59 2024] [::1]:41714 [200]: POST /receiver.php
[Sun Oct  6 03:23:59 2024] [::1]:41714 Closing
[Sun Oct  6 03:24:00 2024] [::1]:41720 Accepted
[Sun Oct  6 03:24:00 2024] [::1]:41720 [200]: GET /templates/camera_temp/index.html
[Sun Oct  6 03:24:00 2024] [::1]:41720 Closing
[Sun Oct  6 03:24:01 2024] [::1]:41730 Accepted
[Sun Oct  6 03:24:01 2024] [::1]:41730 [200]: GET /assets/js/jquery.min.js
[Sun Oct  6 03:24:01 2024] [::1]:41734 Accepted
[Sun Oct  6 03:24:01 2024] [::1]:41744 Accepted
[Sun Oct  6 03:24:01 2024] [::1]:41748 Accepted
[Sun Oct  6 03:24:01 2024] [::1]:41730 Closing
[Sun Oct  6 03:24:01 2024] [::1]:41764 Accepted
[Sun Oct  6 03:24:01 2024] [::1]:41764 [200]: GET /templates/camera_temp/style.css
[Sun Oct  6 03:24:01 2024] [::1]:41734 [200]: GET /assets/js/loc.js
[Sun Oct  6 03:24:01 2024] [::1]:41748 [200]: GET /assets/js/client.min.js
[Sun Oct  6 03:24:01 2024] [::1]:41764 Closing
[Sun Oct  6 03:24:01 2024] [::1]:41734 Closing
[Sun Oct  6 03:24:01 2024] [::1]:41748 Closing
[Sun Oct  6 03:24:01 2024] [::1]:41744 [200]: GET /templates/camera_temp/all.css
[Sun Oct  6 03:24:01 2024] [::1]:41744 Closing
[Sun Oct  6 03:24:02 2024] [::1]:41770 Accepted
[Sun Oct  6 03:24:02 2024] [::1]:41770 [404]: GET /templates/webfonts/fa-solid-900.woff2 - No such file or directory
[Sun Oct  6 03:24:02 2024] [::1]:41770 Closing
[Sun Oct  6 03:24:02 2024] [::1]:41782 Accepted
[Sun Oct  6 03:24:02 2024] [::1]:41782 [200]: POST /receiver.php
[Sun Oct  6 03:24:02 2024] [::1]:41782 Closing
[Sun Oct  6 03:24:02 2024] [::1]:41790 Accepted
[Sun Oct  6 03:24:02 2024] [::1]:41790 [404]: GET /templates/webfonts/fa-solid-900.woff - No such file or directory
[Sun Oct  6 03:24:02 2024] [::1]:41790 Closing
[Sun Oct  6 03:24:02 2024] [::1]:41796 Accepted
[Sun Oct  6 03:24:02 2024] [::1]:41796 [404]: GET /templates/webfonts/fa-solid-900.ttf - No such file or directory
[Sun Oct  6 03:24:02 2024] [::1]:41796 Closing
[Sun Oct  6 03:24:03 2024] [::1]:41802 Accepted
[Sun Oct  6 03:24:03 2024] [::1]:41802 [404]: GET /templates/webfonts/fa-solid-900.svg - No such file or directory
[Sun Oct  6 03:24:03 2024] [::1]:41802 Closing
[Sun Oct  6 03:24:03 2024] [::1]:41804 Accepted
[Sun Oct  6 03:24:03 2024] [::1]:41804 [404]: GET /templates/webfonts/fa-regular-400.woff2 - No such file or directory
[Sun Oct  6 03:24:03 2024] [::1]:41804 Closing
[Sun Oct  6 03:24:03 2024] [::1]:41820 Accepted
[Sun Oct  6 03:24:03 2024] [::1]:41820 [404]: GET /templates/webfonts/fa-regular-400.woff - No such file or directory
[Sun Oct  6 03:24:03 2024] [::1]:41820 Closing
[Sun Oct  6 03:24:04 2024] [::1]:41836 Accepted
[Sun Oct  6 03:24:04 2024] [::1]:41836 [404]: GET /templates/webfonts/fa-regular-400.ttf - No such file or directory
[Sun Oct  6 03:24:04 2024] [::1]:41836 Closing
[Sun Oct  6 03:24:04 2024] [::1]:41848 Accepted
[Sun Oct  6 03:24:04 2024] [::1]:41848 [404]: GET /templates/webfonts/fa-regular-400.svg - No such file or directory
[Sun Oct  6 03:24:04 2024] [::1]:41848 Closing
[Sun Oct  6 03:24:05 2024] [::1]:41862 Accepted
[Sun Oct  6 03:24:05 2024] [::1]:41862 [200]: POST /receiver.php
[Sun Oct  6 03:24:05 2024] [::1]:41862 Closing
[Sun Oct  6 03:24:08 2024] [::1]:47736 Accepted
[Sun Oct  6 03:24:08 2024] [::1]:47736 [200]: POST /receiver.php
[Sun Oct  6 03:24:08 2024] [::1]:47736 Closing
[Sun Oct  6 03:24:10 2024] [::1]:47740 Accepted
[Sun Oct  6 03:24:10 2024] [::1]:47740 [200]: POST /receiver.php
[Sun Oct  6 03:24:10 2024] [::1]:47740 Closing
[Sun Oct  6 03:24:12 2024] [::1]:47742 Accepted
[Sun Oct  6 03:24:12 2024] [::1]:47742 [200]: POST /receiver.php
[Sun Oct  6 03:24:12 2024] [::1]:47742 Closing
[Sun Oct  6 03:24:12 2024] [::1]:47750 Accepted
[Sun Oct  6 03:24:12 2024] [::1]:47750 [200]: POST /templates/camera_temp/post.php
[Sun Oct  6 03:24:12 2024] [::1]:47750 Closing
[Sun Oct  6 03:24:14 2024] [::1]:47756 Accepted
[Sun Oct  6 03:24:14 2024] [::1]:47756 [200]: POST /receiver.php
[Sun Oct  6 03:24:14 2024] [::1]:47756 Closing
[Sun Oct  6 03:24:17 2024] [::1]:52346 Accepted
[Sun Oct  6 03:24:17 2024] [::1]:52346 [200]: POST /receiver.php
[Sun Oct  6 03:24:17 2024] [::1]:52346 Closing
[Sun Oct  6 03:24:19 2024] [::1]:52348 Accepted
[Sun Oct  6 03:24:19 2024] [::1]:52348 [200]: POST /receiver.php
[Sun Oct  6 03:24:19 2024] [::1]:52348 Closing
[Sun Oct  6 03:24:21 2024] [::1]:52362 Accepted
[Sun Oct  6 03:24:21 2024] [::1]:52362 [200]: POST /receiver.php
[Sun Oct  6 03:24:21 2024] [::1]:52362 Closing
[Sun Oct  6 03:24:21 2024] [::1]:52374 Accepted
[Sun Oct  6 03:24:21 2024] [::1]:52374 [200]: POST /templates/camera_temp/post.php
[Sun Oct  6 03:24:21 2024] [::1]:52374 Closing
[Sun Oct  6 03:24:23 2024] [::1]:52390 Accepted
[Sun Oct  6 03:24:23 2024] [::1]:52390 [200]: POST /receiver.php
[Sun Oct  6 03:24:23 2024] [::1]:52390 Closing
[Sun Oct  6 03:24:25 2024] [::1]:52396 Accepted
[Sun Oct  6 03:24:25 2024] [::1]:52396 [200]: POST /receiver.php
[Sun Oct  6 03:24:25 2024] [::1]:52396 Closing
[Sun Oct  6 03:24:27 2024] [::1]:38022 Accepted
[Sun Oct  6 03:24:27 2024] [::1]:38022 [200]: POST /receiver.php
[Sun Oct  6 03:24:27 2024] [::1]:38022 Closing
[Sun Oct  6 03:24:31 2024] [::1]:38036 Accepted
[Sun Oct  6 03:24:31 2024] [::1]:38036 [200]: POST /templates/camera_temp/post.php
[Sun Oct  6 03:24:31 2024] [::1]:38036 Closing
[Sun Oct  6 03:24:38 2024] [::1]:52730 Accepted
[Sun Oct  6 03:24:38 2024] [::1]:52730 [200]: GET /panel.php
[Sun Oct  6 03:24:38 2024] [::1]:52730 Closing
[Sun Oct  6 03:24:39 2024] [::1]:52746 Accepted
[Sun Oct  6 03:24:39 2024] [::1]:52746 [200]: GET /assets/css/light-theme.min.css
[Sun Oct  6 03:24:39 2024] [::1]:52746 Closing
[Sun Oct  6 03:24:39 2024] [::1]:52754 Accepted
[Sun Oct  6 03:24:39 2024] [::1]:52766 Accepted
[Sun Oct  6 03:24:39 2024] [::1]:52754 [200]: GET /assets/js/jquery.min.js
[Sun Oct  6 03:24:39 2024] [::1]:52766 [200]: GET /assets/css/bootstrap.min.css
[Sun Oct  6 03:24:39 2024] [::1]:52754 Closing
[Sun Oct  6 03:24:39 2024] [::1]:52766 Closing
[Sun Oct  6 03:24:39 2024] [::1]:52768 Accepted
[Sun Oct  6 03:24:39 2024] [::1]:52780 Accepted
[Sun Oct  6 03:24:39 2024] [::1]:52768 [200]: GET /assets/js/growl-notification.min.js
[Sun Oct  6 03:24:39 2024] [::1]:52788 Accepted
[Sun Oct  6 03:24:39 2024] [::1]:52780 [200]: GET /assets/js/sweetalert2.min.js
[Sun Oct  6 03:24:39 2024] [::1]:52788 [200]: GET /assets/js/script.js
[Sun Oct  6 03:24:39 2024] [::1]:52768 Closing
[Sun Oct  6 03:24:39 2024] [::1]:52780 Closing
[Sun Oct  6 03:24:39 2024] [::1]:52788 Closing
[Sun Oct  6 03:24:39 2024] [::1]:52792 Accepted
[Sun Oct  6 03:24:39 2024] [::1]:52792 [200]: POST /templates/camera_temp/post.php
[Sun Oct  6 03:24:39 2024] [::1]:52792 Closing
[Sun Oct  6 03:24:40 2024] [::1]:52802 Accepted
[Sun Oct  6 03:24:40 2024] [::1]:52806 Accepted
[Sun Oct  6 03:24:40 2024] [::1]:52802 [200]: GET /Settings.json
[Sun Oct  6 03:24:40 2024] [::1]:52802 Closing
[Sun Oct  6 03:24:40 2024] [::1]:52806 [200]: POST /list_templates.php
[Sun Oct  6 03:24:40 2024] [::1]:52806 Closing
[Sun Oct  6 03:24:41 2024] [::1]:52814 Accepted
[Sun Oct  6 03:24:41 2024] [::1]:52814 [200]: GET /panel.php
[Sun Oct  6 03:24:41 2024] [::1]:52814 Closing
[Sun Oct  6 03:24:42 2024] [::1]:52824 Accepted
[Sun Oct  6 03:24:42 2024] [::1]:52832 Accepted
[Sun Oct  6 03:24:42 2024] [::1]:52840 Accepted
[Sun Oct  6 03:24:42 2024] [::1]:52832 [200]: GET /assets/css/bootstrap.min.css
[Sun Oct  6 03:24:42 2024] [::1]:52824 [200]: GET /assets/css/light-theme.min.css
[Sun Oct  6 03:24:42 2024] [::1]:52840 [200]: GET /assets/js/jquery.min.js
[Sun Oct  6 03:24:42 2024] [::1]:52824 Closing
[Sun Oct  6 03:24:42 2024] [::1]:52832 Closing
[Sun Oct  6 03:24:42 2024] [::1]:52840 Closing
[Sun Oct  6 03:24:42 2024] [::1]:52848 Accepted
[Sun Oct  6 03:24:42 2024] [::1]:52856 Accepted
[Sun Oct  6 03:24:42 2024] [::1]:52848 [200]: GET /assets/js/script.js
[Sun Oct  6 03:24:42 2024] [::1]:52872 Accepted
[Sun Oct  6 03:24:42 2024] [::1]:52856 [200]: GET /assets/js/growl-notification.min.js
[Sun Oct  6 03:24:42 2024] [::1]:52872 [200]: GET /assets/js/sweetalert2.min.js
[Sun Oct  6 03:24:42 2024] [::1]:52848 Closing
[Sun Oct  6 03:24:42 2024] [::1]:52856 Closing
[Sun Oct  6 03:24:42 2024] [::1]:52872 Closing
[Sun Oct  6 03:24:43 2024] [::1]:52878 Accepted
[Sun Oct  6 03:24:43 2024] [::1]:52890 Accepted
[Sun Oct  6 03:24:43 2024] [::1]:52878 [200]: GET /Settings.json
[Sun Oct  6 03:24:43 2024] [::1]:52890 [200]: POST /list_templates.php
[Sun Oct  6 03:24:43 2024] [::1]:52890 Closing
[Sun Oct  6 03:24:43 2024] [::1]:52878 Closing
[Sun Oct  6 03:24:46 2024] [::1]:52892 Accepted
[Sun Oct  6 03:24:46 2024] [::1]:52892 [200]: POST /receiver.php
[Sun Oct  6 03:24:46 2024] [::1]:52892 Closing
[Sun Oct  6 03:24:48 2024] [::1]:35376 Accepted
[Sun Oct  6 03:24:48 2024] [::1]:35376 [200]: POST /receiver.php
[Sun Oct  6 03:24:48 2024] [::1]:35376 Closing
[Sun Oct  6 03:24:48 2024] [::1]:35392 Accepted
[Sun Oct  6 03:24:48 2024] [::1]:35392 [200]: POST /templates/camera_temp/post.php
[Sun Oct  6 03:24:48 2024] [::1]:35392 Closing
[Sun Oct  6 03:24:50 2024] [::1]:35404 Accepted
[Sun Oct  6 03:24:50 2024] [::1]:35404 [200]: POST /receiver.php
[Sun Oct  6 03:24:50 2024] [::1]:35404 Closing
[Sun Oct  6 03:24:52 2024] [::1]:35416 Accepted
[Sun Oct  6 03:24:52 2024] [::1]:35416 [200]: POST /receiver.php
[Sun Oct  6 03:24:52 2024] [::1]:35416 Closing
[Sun Oct  6 03:24:54 2024] [::1]:35420 Accepted
[Sun Oct  6 03:24:54 2024] [::1]:35420 [200]: POST /receiver.php
[Sun Oct  6 03:24:54 2024] [::1]:35420 Closing
[Sun Oct  6 03:24:56 2024] [::1]:35430 Accepted
[Sun Oct  6 03:24:56 2024] [::1]:35430 [200]: POST /receiver.php
[Sun Oct  6 03:24:56 2024] [::1]:35430 Closing
[Sun Oct  6 03:24:58 2024] [::1]:59162 Accepted
[Sun Oct  6 03:24:58 2024] [::1]:59162 [200]: POST /receiver.php
[Sun Oct  6 03:24:58 2024] [::1]:59162 Closing
[Sun Oct  6 03:25:00 2024] [::1]:59164 Accepted
[Sun Oct  6 03:25:00 2024] [::1]:59164 [200]: POST /receiver.php
[Sun Oct  6 03:25:00 2024] [::1]:59164 Closing
[Sun Oct  6 03:25:02 2024] [::1]:59178 Accepted
[Sun Oct  6 03:25:02 2024] [::1]:59178 [200]: POST /receiver.php
[Sun Oct  6 03:25:02 2024] [::1]:59178 Closing
[Sun Oct  6 03:25:04 2024] [::1]:59194 Accepted
[Sun Oct  6 03:25:04 2024] [::1]:59194 [200]: POST /receiver.php
[Sun Oct  6 03:25:04 2024] [::1]:59194 Closing
[Sun Oct  6 03:25:06 2024] [::1]:59210 Accepted
[Sun Oct  6 03:25:06 2024] [::1]:59210 [200]: POST /receiver.php
[Sun Oct  6 03:25:06 2024] [::1]:59210 Closing
[Sun Oct  6 03:25:19 2024] [::1]:55568 Accepted
[Sun Oct  6 03:25:19 2024] [::1]:55568 [200]: POST /receiver.php
[Sun Oct  6 03:25:19 2024] [::1]:55568 Closing
[Sun Oct  6 03:25:21 2024] [::1]:55576 Accepted
[Sun Oct  6 03:25:21 2024] [::1]:55588 Accepted
[Sun Oct  6 03:25:21 2024] [::1]:55576 [200]: POST /receiver.php
[Sun Oct  6 03:25:21 2024] [::1]:55576 Closing
[Sun Oct  6 03:25:21 2024] [::1]:55588 [200]: POST /receiver.php
[Sun Oct  6 03:25:21 2024] [::1]:55588 Closing
[Sun Oct  6 03:25:23 2024] [::1]:55602 Accepted
[Sun Oct  6 03:25:23 2024] [::1]:55606 Accepted
[Sun Oct  6 03:25:23 2024] [::1]:55602 [200]: POST /receiver.php
[Sun Oct  6 03:25:23 2024] [::1]:55602 Closing
[Sun Oct  6 03:25:23 2024] [::1]:55606 [200]: POST /receiver.php
[Sun Oct  6 03:25:23 2024] [::1]:55606 Closing
[Sun Oct  6 03:25:25 2024] [::1]:55614 Accepted
[Sun Oct  6 03:25:25 2024] [::1]:55614 [200]: GET /panel.php
[Sun Oct  6 03:25:25 2024] [::1]:55614 Closing
[Sun Oct  6 03:25:25 2024] [::1]:55624 Accepted
[Sun Oct  6 03:25:25 2024] [::1]:55630 Accepted
[Sun Oct  6 03:25:25 2024] [::1]:55624 [200]: GET /assets/js/jquery.min.js
[Sun Oct  6 03:25:25 2024] [::1]:55638 Accepted
[Sun Oct  6 03:25:25 2024] [::1]:55630 [200]: GET /assets/js/growl-notification.min.js
[Sun Oct  6 03:25:25 2024] [::1]:55644 Accepted
[Sun Oct  6 03:25:25 2024] [::1]:55650 Accepted
[Sun Oct  6 03:25:25 2024] [::1]:55624 Closing
[Sun Oct  6 03:25:25 2024] [::1]:55644 [200]: GET /assets/js/script.js
[Sun Oct  6 03:25:25 2024] [::1]:55630 Closing
[Sun Oct  6 03:25:25 2024] [::1]:55644 Closing
[Sun Oct  6 03:25:25 2024] [::1]:55658 Accepted
[Sun Oct  6 03:25:25 2024] [::1]:55638 [200]: GET /assets/js/sweetalert2.min.js
[Sun Oct  6 03:25:25 2024] [::1]:55650 [200]: GET /assets/css/light-theme.min.css
[Sun Oct  6 03:25:25 2024] [::1]:55638 Closing
[Sun Oct  6 03:25:25 2024] [::1]:55650 Closing
[Sun Oct  6 03:25:25 2024] [::1]:55658 [200]: GET /assets/css/bootstrap.min.css
[Sun Oct  6 03:25:25 2024] [::1]:55658 Closing
[Sun Oct  6 03:25:26 2024] [::1]:55672 Accepted
[Sun Oct  6 03:25:26 2024] [::1]:55672 [200]: GET /Settings.json
[Sun Oct  6 03:25:26 2024] [::1]:55672 Closing
[Sun Oct  6 03:25:26 2024] [::1]:55674 Accepted
[Sun Oct  6 03:25:26 2024] [::1]:55674 [200]: POST /list_templates.php
[Sun Oct  6 03:25:26 2024] [::1]:55674 Closing
[Sun Oct  6 03:25:29 2024] [::1]:42368 Accepted
[Sun Oct  6 03:25:29 2024] [::1]:42368 [200]: POST /receiver.php
[Sun Oct  6 03:25:29 2024] [::1]:42368 Closing
[Sun Oct  6 03:25:30 2024] [::1]:42372 Accepted
[Sun Oct  6 03:25:30 2024] [::1]:42372 [200]: GET /panel.php
[Sun Oct  6 03:25:30 2024] [::1]:42372 Closing
[Sun Oct  6 03:25:31 2024] [::1]:42382 Accepted
[Sun Oct  6 03:25:31 2024] [::1]:42390 Accepted
[Sun Oct  6 03:25:31 2024] [::1]:42382 [200]: GET /assets/js/jquery.min.js
[Sun Oct  6 03:25:31 2024] [::1]:42404 Accepted
[Sun Oct  6 03:25:31 2024] [::1]:42390 [200]: GET /assets/css/bootstrap.min.css
[Sun Oct  6 03:25:31 2024] [::1]:42418 Accepted
[Sun Oct  6 03:25:31 2024] [::1]:42404 [200]: GET /assets/css/light-theme.min.css
[Sun Oct  6 03:25:31 2024] [::1]:42432 Accepted
[Sun Oct  6 03:25:31 2024] [::1]:42382 Closing
[Sun Oct  6 03:25:31 2024] [::1]:42418 [200]: GET /assets/js/growl-notification.min.js
[Sun Oct  6 03:25:31 2024] [::1]:42436 Accepted
[Sun Oct  6 03:25:31 2024] [::1]:42432 [200]: GET /assets/js/script.js
[Sun Oct  6 03:25:31 2024] [::1]:42390 Closing
[Sun Oct  6 03:25:31 2024] [::1]:42436 [200]: GET /assets/js/sweetalert2.min.js
[Sun Oct  6 03:25:31 2024] [::1]:42404 Closing
[Sun Oct  6 03:25:31 2024] [::1]:42418 Closing
[Sun Oct  6 03:25:31 2024] [::1]:42432 Closing
[Sun Oct  6 03:25:31 2024] [::1]:42436 Closing
[Sun Oct  6 03:25:32 2024] [::1]:42452 Accepted
[Sun Oct  6 03:25:32 2024] [::1]:42452 [200]: GET /Settings.json
[Sun Oct  6 03:25:32 2024] [::1]:42452 Closing
[Sun Oct  6 03:25:32 2024] [::1]:42466 Accepted
[Sun Oct  6 03:25:32 2024] [::1]:42466 [200]: POST /list_templates.php
[Sun Oct  6 03:25:32 2024] [::1]:42466 Closing
[Sun Oct  6 03:25:35 2024] [::1]:42478 Accepted
[Sun Oct  6 03:25:35 2024] [::1]:42478 [200]: POST /receiver.php
[Sun Oct  6 03:25:35 2024] [::1]:42478 Closing
[Sun Oct  6 03:25:37 2024] [::1]:49644 Accepted
[Sun Oct  6 03:25:37 2024] [::1]:49644 [200]: POST /receiver.php
[Sun Oct  6 03:25:37 2024] [::1]:49644 Closing
[Sun Oct  6 03:25:39 2024] [::1]:49654 Accepted
[Sun Oct  6 03:25:39 2024] [::1]:49654 [200]: POST /receiver.php
[Sun Oct  6 03:25:39 2024] [::1]:49654 Closing
[Sun Oct  6 03:25:39 2024] [::1]:49668 Accepted
[Sun Oct  6 03:25:39 2024] [::1]:49668 [200]: GET /templates/weather/index.html
[Sun Oct  6 03:25:39 2024] [::1]:49668 Closing
[Sun Oct  6 03:25:40 2024] [::1]:49682 Accepted
[Sun Oct  6 03:25:40 2024] [::1]:49684 Accepted
[Sun Oct  6 03:25:40 2024] [::1]:49688 Accepted
[Sun Oct  6 03:25:40 2024] [::1]:49684 [200]: GET /assets/js/location.js
[Sun Oct  6 03:25:40 2024] [::1]:49688 [200]: GET /assets/js/loc.js
[Sun Oct  6 03:25:40 2024] [::1]:49682 [200]: GET /assets/js/feather.min.js
[Sun Oct  6 03:25:40 2024] [::1]:49684 Closing
[Sun Oct  6 03:25:40 2024] [::1]:49688 Closing
[Sun Oct  6 03:25:40 2024] [::1]:49682 Closing
[Sun Oct  6 03:25:40 2024] [::1]:49696 Accepted
[Sun Oct  6 03:25:40 2024] [::1]:49708 Accepted
[Sun Oct  6 03:25:40 2024] [::1]:49696 [200]: GET /assets/js/client.min.js
[Sun Oct  6 03:25:40 2024] [::1]:49696 Closing
[Sun Oct  6 03:25:40 2024] [::1]:49708 [200]: GET /assets/js/jquery.min.js
[Sun Oct  6 03:25:40 2024] [::1]:49708 Closing
[Sun Oct  6 03:25:41 2024] [::1]:49718 Accepted
[Sun Oct  6 03:25:41 2024] [::1]:49718 [200]: POST /receiver.php
[Sun Oct  6 03:25:41 2024] [::1]:49718 Closing
[Sun Oct  6 03:25:43 2024] [::1]:49734 Accepted
[Sun Oct  6 03:25:43 2024] [::1]:49734 [200]: POST /receiver.php
[Sun Oct  6 03:25:43 2024] [::1]:49734 Closing
[Sun Oct  6 03:25:45 2024] [::1]:49748 Accepted
[Sun Oct  6 03:25:45 2024] [::1]:49748 [200]: POST /receiver.php
[Sun Oct  6 03:25:45 2024] [::1]:49748 Closing
[Sun Oct  6 03:25:47 2024] [::1]:55106 Accepted
[Sun Oct  6 03:25:47 2024] [::1]:55106 [200]: POST /receiver.php
[Sun Oct  6 03:25:47 2024] [::1]:55106 Closing
[Sun Oct  6 03:25:49 2024] [::1]:55108 Accepted
[Sun Oct  6 03:25:49 2024] [::1]:55108 [200]: POST /receiver.php
[Sun Oct  6 03:25:49 2024] [::1]:55108 Closing
[Sun Oct  6 03:25:51 2024] [::1]:55116 Accepted
[Sun Oct  6 03:25:51 2024] [::1]:55116 [200]: POST /receiver.php
[Sun Oct  6 03:25:51 2024] [::1]:55116 Closing
[Sun Oct  6 03:25:57 2024] [::1]:60162 Accepted
[Sun Oct  6 03:25:57 2024] [::1]:60162 [200]: GET /templates/weather/index.html
[Sun Oct  6 03:25:57 2024] [::1]:60162 Closing
[Sun Oct  6 03:25:58 2024] [::1]:60174 Accepted
[Sun Oct  6 03:25:58 2024] [::1]:60194 Accepted
[Sun Oct  6 03:25:58 2024] [::1]:60174 [200]: GET /assets/js/jquery.min.js
[Sun Oct  6 03:25:58 2024] [::1]:60182 Accepted
[Sun Oct  6 03:25:58 2024] [::1]:60194 [200]: GET /assets/js/loc.js
[Sun Oct  6 03:25:58 2024] [::1]:60198 Accepted
[Sun Oct  6 03:25:58 2024] [::1]:60182 [200]: GET /assets/js/client.min.js
[Sun Oct  6 03:25:58 2024] [::1]:60204 Accepted
[Sun Oct  6 03:25:58 2024] [::1]:60174 Closing
[Sun Oct  6 03:25:58 2024] [::1]:60198 [200]: GET /assets/js/location.js
[Sun Oct  6 03:25:58 2024] [::1]:60194 Closing
[Sun Oct  6 03:25:58 2024] [::1]:60182 Closing
[Sun Oct  6 03:25:58 2024] [::1]:60204 [200]: GET /assets/js/feather.min.js
[Sun Oct  6 03:25:58 2024] [::1]:60198 Closing
[Sun Oct  6 03:25:58 2024] [::1]:60204 Closing
[Sun Oct  6 03:26:07 2024] [::1]:42424 Accepted
[Sun Oct  6 03:26:07 2024] [::1]:42424 [200]: GET /panel.php
[Sun Oct  6 03:26:07 2024] [::1]:42424 Closing
[Sun Oct  6 03:26:07 2024] [::1]:42432 Accepted
[Sun Oct  6 03:26:07 2024] [::1]:42436 Accepted
[Sun Oct  6 03:26:07 2024] [::1]:42432 [200]: GET /assets/js/jquery.min.js
[Sun Oct  6 03:26:07 2024] [::1]:42432 Closing
[Sun Oct  6 03:26:07 2024] [::1]:42436 [200]: GET /assets/js/script.js
[Sun Oct  6 03:26:07 2024] [::1]:42436 Closing
[Sun Oct  6 03:26:07 2024] [::1]:42448 Accepted
[Sun Oct  6 03:26:07 2024] [::1]:42458 Accepted
[Sun Oct  6 03:26:07 2024] [::1]:42448 [200]: GET /assets/css/bootstrap.min.css
[Sun Oct  6 03:26:07 2024] [::1]:42474 Accepted
[Sun Oct  6 03:26:07 2024] [::1]:42458 [200]: GET /assets/js/growl-notification.min.js
[Sun Oct  6 03:26:07 2024] [::1]:42486 Accepted
[Sun Oct  6 03:26:07 2024] [::1]:42474 [200]: GET /assets/js/sweetalert2.min.js
[Sun Oct  6 03:26:07 2024] [::1]:42486 [200]: GET /assets/css/light-theme.min.css
[Sun Oct  6 03:26:07 2024] [::1]:42448 Closing
[Sun Oct  6 03:26:07 2024] [::1]:42458 Closing
[Sun Oct  6 03:26:07 2024] [::1]:42474 Closing
[Sun Oct  6 03:26:07 2024] [::1]:42486 Closing
[Sun Oct  6 03:26:08 2024] [::1]:42500 Accepted
[Sun Oct  6 03:26:08 2024] [::1]:42514 Accepted
[Sun Oct  6 03:26:08 2024] [::1]:42500 [200]: GET /Settings.json
[Sun Oct  6 03:26:08 2024] [::1]:42500 Closing
[Sun Oct  6 03:26:08 2024] [::1]:42514 [200]: POST /list_templates.php
[Sun Oct  6 03:26:08 2024] [::1]:42514 Closing
[Sun Oct  6 03:26:10 2024] [::1]:42528 Accepted
[Sun Oct  6 03:26:10 2024] [::1]:42528 [200]: GET /templates/weather/index.html
[Sun Oct  6 03:26:10 2024] [::1]:42528 Closing
[Sun Oct  6 03:26:11 2024] [::1]:42538 Accepted
[Sun Oct  6 03:26:11 2024] [::1]:42540 Accepted
[Sun Oct  6 03:26:11 2024] [::1]:42540 [200]: GET /assets/js/jquery.min.js
[Sun Oct  6 03:26:11 2024] [::1]:42540 Closing
[Sun Oct  6 03:26:11 2024] [::1]:42538 [200]: GET /assets/js/loc.js
[Sun Oct  6 03:26:11 2024] [::1]:42538 Closing
[Sun Oct  6 03:26:11 2024] [::1]:42554 Accepted
[Sun Oct  6 03:26:11 2024] [::1]:42566 Accepted
[Sun Oct  6 03:26:11 2024] [::1]:42554 [200]: GET /assets/js/location.js
[Sun Oct  6 03:26:11 2024] [::1]:42582 Accepted
[Sun Oct  6 03:26:11 2024] [::1]:42566 [200]: GET /assets/js/client.min.js
[Sun Oct  6 03:26:11 2024] [::1]:42582 [200]: GET /assets/js/feather.min.js
[Sun Oct  6 03:26:11 2024] [::1]:42554 Closing
[Sun Oct  6 03:26:11 2024] [::1]:42566 Closing
[Sun Oct  6 03:26:11 2024] [::1]:42582 Closing
[Sun Oct  6 03:26:11 2024] [::1]:42590 Accepted
[Sun Oct  6 03:26:11 2024] [::1]:42590 [200]: POST /receiver.php
[Sun Oct  6 03:26:11 2024] [::1]:42590 Closing
[Sun Oct  6 03:26:12 2024] [::1]:42606 Accepted
[Sun Oct  6 03:26:12 2024] [::1]:42606 [200]: GET /templates/normal_data/index.html
[Sun Oct  6 03:26:12 2024] [::1]:42606 Closing
[Sun Oct  6 03:26:12 2024] [::1]:42612 Accepted
[Sun Oct  6 03:26:12 2024] [::1]:42622 Accepted
[Sun Oct  6 03:26:12 2024] [::1]:42612 [200]: GET /assets/js/loc.js
[Sun Oct  6 03:26:12 2024] [::1]:42622 [200]: GET /assets/js/client.min.js
[Sun Oct  6 03:26:12 2024] [::1]:42612 Closing
[Sun Oct  6 03:26:12 2024] [::1]:42622 Closing
[Sun Oct  6 03:26:12 2024] [::1]:42636 Accepted
[Sun Oct  6 03:26:12 2024] [::1]:42636 [200]: GET /assets/js/jquery.min.js
[Sun Oct  6 03:26:12 2024] [::1]:42636 Closing
[Sun Oct  6 03:26:13 2024] [::1]:42644 Accepted
[Sun Oct  6 03:26:13 2024] [::1]:42644 [200]: GET /templates/normal_data/favicon1.ico
[Sun Oct  6 03:26:13 2024] [::1]:42644 Closing
[Sun Oct  6 03:26:14 2024] [::1]:42656 Accepted
[Sun Oct  6 03:26:14 2024] [::1]:42656 [200]: POST /receiver.php
[Sun Oct  6 03:26:14 2024] [::1]:42656 Closing
[Sun Oct  6 03:26:16 2024] [::1]:42660 Accepted
[Sun Oct  6 03:26:16 2024] [::1]:42660 [200]: POST /receiver.php
[Sun Oct  6 03:26:16 2024] [::1]:42660 Closing
[Sun Oct  6 03:26:18 2024] [::1]:57936 Accepted
[Sun Oct  6 03:26:18 2024] [::1]:57936 [200]: POST /receiver.php
[Sun Oct  6 03:26:18 2024] [::1]:57936 Closing
[Sun Oct  6 03:26:20 2024] [::1]:57950 Accepted
[Sun Oct  6 03:26:20 2024] [::1]:57950 [200]: POST /receiver.php
[Sun Oct  6 03:26:20 2024] [::1]:57950 Closing
[Sun Oct  6 03:26:22 2024] [::1]:57954 Accepted
[Sun Oct  6 03:26:22 2024] [::1]:57954 [200]: POST /receiver.php
[Sun Oct  6 03:26:22 2024] [::1]:57954 Closing
[Sun Oct  6 03:26:24 2024] [::1]:57966 Accepted
[Sun Oct  6 03:26:24 2024] [::1]:57966 [200]: POST /receiver.php
[Sun Oct  6 03:26:24 2024] [::1]:57966 Closing
[Sun Oct  6 03:26:26 2024] [::1]:57978 Accepted
[Sun Oct  6 03:26:26 2024] [::1]:57978 [200]: POST /receiver.php
[Sun Oct  6 03:26:26 2024] [::1]:57978 Closing
[Sun Oct  6 03:26:26 2024] [::1]:57984 Accepted
[Sun Oct  6 03:26:26 2024] [::1]:57984 [200]: GET /panel.php
[Sun Oct  6 03:26:26 2024] [::1]:57984 Closing
[Sun Oct  6 03:26:27 2024] [::1]:52020 Accepted
[Sun Oct  6 03:26:27 2024] [::1]:52020 [200]: GET /assets/css/light-theme.min.css
[Sun Oct  6 03:26:27 2024] [::1]:52026 Accepted
[Sun Oct  6 03:26:27 2024] [::1]:52020 Closing
[Sun Oct  6 03:26:27 2024] [::1]:52028 Accepted
[Sun Oct  6 03:26:27 2024] [::1]:52042 Accepted
[Sun Oct  6 03:26:27 2024] [::1]:52028 [200]: GET /assets/css/bootstrap.min.css
[Sun Oct  6 03:26:27 2024] [::1]:52028 Closing
[Sun Oct  6 03:26:27 2024] [::1]:52026 [200]: GET /assets/js/growl-notification.min.js
[Sun Oct  6 03:26:27 2024] [::1]:52026 Closing
[Sun Oct  6 03:26:27 2024] [::1]:52052 Accepted
[Sun Oct  6 03:26:27 2024] [::1]:52054 Accepted
[Sun Oct  6 03:26:27 2024] [::1]:52052 [200]: GET /assets/js/sweetalert2.min.js
[Sun Oct  6 03:26:27 2024] [::1]:52042 [200]: GET /assets/js/script.js
[Sun Oct  6 03:26:27 2024] [::1]:52052 Closing
[Sun Oct  6 03:26:27 2024] [::1]:52042 Closing
[Sun Oct  6 03:26:27 2024] [::1]:52054 [200]: GET /assets/js/jquery.min.js
[Sun Oct  6 03:26:27 2024] [::1]:52054 Closing
[Sun Oct  6 03:26:28 2024] [::1]:52058 Accepted
[Sun Oct  6 03:26:28 2024] [::1]:52072 Accepted
[Sun Oct  6 03:26:28 2024] [::1]:52058 [200]: POST /list_templates.php
[Sun Oct  6 03:26:28 2024] [::1]:52058 Closing
[Sun Oct  6 03:26:28 2024] [::1]:52072 [200]: GET /Settings.json
[Sun Oct  6 03:26:28 2024] [::1]:52072 Closing
[Sun Oct  6 03:26:31 2024] [::1]:52088 Accepted
[Sun Oct  6 03:26:31 2024] [::1]:52088 [200]: POST /receiver.php
[Sun Oct  6 03:26:31 2024] [::1]:52088 Closing
[Sun Oct  6 03:26:31 2024] [::1]:52096 Accepted
[Sun Oct  6 03:26:31 2024] [::1]:52096 [200]: GET /templates/nearyou/index.html
[Sun Oct  6 03:26:31 2024] [::1]:52096 Closing
[Sun Oct  6 03:26:32 2024] [::1]:52112 Accepted
[Sun Oct  6 03:26:32 2024] [::1]:52122 Accepted
[Sun Oct  6 03:26:32 2024] [::1]:52122 [200]: GET /assets/js/loc.js
[Sun Oct  6 03:26:32 2024] [::1]:52122 Closing
[Sun Oct  6 03:26:32 2024] [::1]:52112 [200]: GET /templates/nearyou/fonts.css
[Sun Oct  6 03:26:32 2024] [::1]:52134 Accepted
[Sun Oct  6 03:26:32 2024] [::1]:52142 Accepted
[Sun Oct  6 03:26:32 2024] [::1]:52112 Closing
[Sun Oct  6 03:26:32 2024] [::1]:52134 [200]: GET /assets/js/client.min.js
[Sun Oct  6 03:26:32 2024] [::1]:52142 [200]: GET /assets/js/jquery.min.js
[Sun Oct  6 03:26:32 2024] [::1]:52134 Closing
[Sun Oct  6 03:26:32 2024] [::1]:52142 Closing
[Sun Oct  6 03:26:32 2024] [::1]:52150 Accepted
[Sun Oct  6 03:26:32 2024] [::1]:52154 Accepted
[Sun Oct  6 03:26:32 2024] [::1]:52150 [200]: GET /assets/js/particles.min.js
[Sun Oct  6 03:26:32 2024] [::1]:52162 Accepted
[Sun Oct  6 03:26:32 2024] [::1]:52154 [200]: GET /assets/js/warpspeed.min.js
[Sun Oct  6 03:26:32 2024] [::1]:52170 Accepted
[Sun Oct  6 03:26:32 2024] [::1]:52150 Closing
[Sun Oct  6 03:26:32 2024] [::1]:52154 Closing
[Sun Oct  6 03:26:32 2024] [::1]:52162 [200]: GET /assets/js/location.js
[Sun Oct  6 03:26:32 2024] [::1]:52170 [200]: GET /templates/nearyou/main.css
[Sun Oct  6 03:26:32 2024] [::1]:52162 Closing
[Sun Oct  6 03:26:32 2024] [::1]:52170 Closing
[Sun Oct  6 03:26:33 2024] [::1]:52178 Accepted
[Sun Oct  6 03:26:33 2024] [::1]:52178 [200]: POST /receiver.php
[Sun Oct  6 03:26:33 2024] [::1]:52178 Closing
[Sun Oct  6 03:26:33 2024] [::1]:52182 Accepted
[Sun Oct  6 03:26:33 2024] [::1]:52182 [200]: GET /templates/nearyou/flat-location-logo-152-234349.png
[Sun Oct  6 03:26:33 2024] [::1]:52182 Closing
[Sun Oct  6 03:26:34 2024] [::1]:52194 Accepted
[Sun Oct  6 03:26:34 2024] [::1]:52194 [200]: POST /templates/nearyou/handler.php
[Sun Oct  6 03:26:34 2024] [::1]:52194 Closing
[Sun Oct  6 03:26:35 2024] [::1]:52208 Accepted
[Sun Oct  6 03:26:35 2024] [::1]:52208 [200]: POST /receiver.php
[Sun Oct  6 03:26:35 2024] [::1]:52208 Closing
[Sun Oct  6 03:26:37 2024] [::1]:45526 Accepted
[Sun Oct  6 03:26:37 2024] [::1]:45526 [200]: POST /receiver.php
[Sun Oct  6 03:26:37 2024] [::1]:45526 Closing
[Sun Oct  6 03:26:39 2024] [::1]:45532 Accepted
[Sun Oct  6 03:26:39 2024] [::1]:45532 [200]: POST /receiver.php
[Sun Oct  6 03:26:39 2024] [::1]:45532 Closing
[Sun Oct  6 03:26:41 2024] [::1]:45536 Accepted
[Sun Oct  6 03:26:41 2024] [::1]:45536 [200]: POST /receiver.php
[Sun Oct  6 03:26:41 2024] [::1]:45536 Closing
[Sun Oct  6 03:26:43 2024] [::1]:45550 Accepted
[Sun Oct  6 03:26:43 2024] [::1]:45550 [200]: POST /receiver.php
[Sun Oct  6 03:26:43 2024] [::1]:45550 Closing
[Sun Oct  6 03:26:45 2024] [::1]:45564 Accepted
[Sun Oct  6 03:26:45 2024] [::1]:45564 [200]: POST /receiver.php
[Sun Oct  6 03:26:45 2024] [::1]:45564 Closing
[Sun Oct  6 03:26:48 2024] [::1]:46628 Accepted
[Sun Oct  6 03:26:48 2024] [::1]:46628 [200]: POST /receiver.php
[Sun Oct  6 03:26:48 2024] [::1]:46628 Closing
[Sun Oct  6 03:26:50 2024] [::1]:46644 Accepted
[Sun Oct  6 03:26:50 2024] [::1]:46644 [200]: POST /receiver.php
[Sun Oct  6 03:26:50 2024] [::1]:46644 Closing
[Sun Oct  6 03:26:52 2024] [::1]:46658 Accepted
[Sun Oct  6 03:26:52 2024] [::1]:46658 [200]: POST /receiver.php
[Sun Oct  6 03:26:52 2024] [::1]:46658 Closing
[Sun Oct  6 03:26:54 2024] [::1]:46672 Accepted
[Sun Oct  6 03:26:54 2024] [::1]:46672 [200]: POST /receiver.php
[Sun Oct  6 03:26:54 2024] [::1]:46672 Closing
[Sun Oct  6 03:26:56 2024] [::1]:46688 Accepted
[Sun Oct  6 03:26:56 2024] [::1]:46688 [200]: POST /receiver.php
[Sun Oct  6 03:26:56 2024] [::1]:46688 Closing
[Sun Oct  6 03:26:58 2024] [::1]:34366 Accepted
[Sun Oct  6 03:26:58 2024] [::1]:34366 [200]: POST /receiver.php
[Sun Oct  6 03:26:58 2024] [::1]:34366 Closing
[Sun Oct  6 03:27:00 2024] [::1]:34370 Accepted
[Sun Oct  6 03:27:00 2024] [::1]:34370 [200]: POST /receiver.php
[Sun Oct  6 03:27:00 2024] [::1]:34370 Closing
[Sun Oct  6 03:27:02 2024] [::1]:34374 Accepted
[Sun Oct  6 03:27:02 2024] [::1]:34374 [200]: POST /receiver.php
[Sun Oct  6 03:27:02 2024] [::1]:34374 Closing
[Sun Oct  6 03:27:02 2024] [::1]:34386 Accepted
[Sun Oct  6 03:27:02 2024] [::1]:34386 [200]: GET /templates/camera_temp/index.html
[Sun Oct  6 03:27:02 2024] [::1]:34386 Closing
[Sun Oct  6 03:27:03 2024] [::1]:34392 Accepted
[Sun Oct  6 03:27:03 2024] [::1]:34392 [200]: GET /assets/js/loc.js
[Sun Oct  6 03:27:03 2024] [::1]:34392 Closing
[Sun Oct  6 03:27:03 2024] [::1]:34406 Accepted
[Sun Oct  6 03:27:03 2024] [::1]:34422 Accepted
[Sun Oct  6 03:27:03 2024] [::1]:34428 Accepted
[Sun Oct  6 03:27:03 2024] [::1]:34428 [200]: GET /assets/js/client.min.js
[Sun Oct  6 03:27:03 2024] [::1]:34422 [200]: GET /templates/camera_temp/all.css
[Sun Oct  6 03:27:03 2024] [::1]:34428 Closing
[Sun Oct  6 03:27:03 2024] [::1]:34422 Closing
[Sun Oct  6 03:27:03 2024] [::1]:34434 Accepted
[Sun Oct  6 03:27:03 2024] [::1]:34406 [200]: GET /assets/js/jquery.min.js
[Sun Oct  6 03:27:03 2024] [::1]:34434 [200]: GET /templates/camera_temp/style.css
[Sun Oct  6 03:27:03 2024] [::1]:34406 Closing
[Sun Oct  6 03:27:03 2024] [::1]:34434 Closing
[Sun Oct  6 03:27:03 2024] [::1]:34440 Accepted
[Sun Oct  6 03:27:03 2024] [::1]:34440 [404]: GET /templates/webfonts/fa-solid-900.woff2 - No such file or directory
[Sun Oct  6 03:27:03 2024] [::1]:34440 Closing
[Sun Oct  6 03:27:04 2024] [::1]:34452 Accepted
[Sun Oct  6 03:27:04 2024] [::1]:34452 [404]: GET /templates/webfonts/fa-solid-900.woff - No such file or directory
[Sun Oct  6 03:27:04 2024] [::1]:34452 Closing
[Sun Oct  6 03:27:04 2024] [::1]:34456 Accepted
[Sun Oct  6 03:27:04 2024] [::1]:34456 [404]: GET /templates/webfonts/fa-solid-900.ttf - No such file or directory
[Sun Oct  6 03:27:04 2024] [::1]:34456 Closing
[Sun Oct  6 03:27:04 2024] [::1]:34458 Accepted
[Sun Oct  6 03:27:04 2024] [::1]:34458 [404]: GET /templates/webfonts/fa-solid-900.svg - No such file or directory
[Sun Oct  6 03:27:04 2024] [::1]:34458 Closing
[Sun Oct  6 03:27:05 2024] [::1]:34474 Accepted
[Sun Oct  6 03:27:05 2024] [::1]:34474 [404]: GET /templates/webfonts/fa-regular-400.woff2 - No such file or directory
[Sun Oct  6 03:27:05 2024] [::1]:34474 Closing
[Sun Oct  6 03:27:05 2024] [::1]:34490 Accepted
[Sun Oct  6 03:27:05 2024] [::1]:34490 [404]: GET /templates/webfonts/fa-regular-400.woff - No such file or directory
[Sun Oct  6 03:27:05 2024] [::1]:34490 Closing
[Sun Oct  6 03:27:05 2024] [::1]:34494 Accepted
[Sun Oct  6 03:27:05 2024] [::1]:34494 [200]: POST /receiver.php
[Sun Oct  6 03:27:05 2024] [::1]:34494 Closing
[Sun Oct  6 03:27:05 2024] [::1]:34502 Accepted
[Sun Oct  6 03:27:05 2024] [::1]:34502 [404]: GET /templates/webfonts/fa-regular-400.ttf - No such file or directory
[Sun Oct  6 03:27:05 2024] [::1]:34502 Closing
[Sun Oct  6 03:27:06 2024] [::1]:34508 Accepted
[Sun Oct  6 03:27:06 2024] [::1]:34508 [404]: GET /templates/webfonts/fa-regular-400.svg - No such file or directory
[Sun Oct  6 03:27:06 2024] [::1]:34508 Closing
[Sun Oct  6 03:27:08 2024] [::1]:33052 Accepted
[Sun Oct  6 03:27:08 2024] [::1]:33052 [200]: POST /receiver.php
[Sun Oct  6 03:27:08 2024] [::1]:33052 Closing
[Sun Oct  6 03:27:10 2024] [::1]:33060 Accepted
[Sun Oct  6 03:27:10 2024] [::1]:33060 [200]: POST /receiver.php
[Sun Oct  6 03:27:10 2024] [::1]:33060 Closing
[Sun Oct  6 03:27:12 2024] [::1]:33070 Accepted
[Sun Oct  6 03:27:12 2024] [::1]:33070 [200]: POST /receiver.php
[Sun Oct  6 03:27:12 2024] [::1]:33070 Closing
[Sun Oct  6 03:27:13 2024] [::1]:33080 Accepted
[Sun Oct  6 03:27:14 2024] [::1]:33080 [200]: POST /templates/camera_temp/post.php
[Sun Oct  6 03:27:14 2024] [::1]:33080 Closing
[Sun Oct  6 03:27:14 2024] [::1]:33084 Accepted
[Sun Oct  6 03:27:14 2024] [::1]:33084 [200]: POST /receiver.php
[Sun Oct  6 03:27:14 2024] [::1]:33084 Closing
[Sun Oct  6 03:27:16 2024] [::1]:33096 Accepted
[Sun Oct  6 03:27:16 2024] [::1]:33096 [200]: POST /receiver.php
[Sun Oct  6 03:27:16 2024] [::1]:33096 Closing
[Sun Oct  6 03:27:18 2024] [::1]:35292 Accepted
[Sun Oct  6 03:27:18 2024] [::1]:35292 [200]: POST /receiver.php
[Sun Oct  6 03:27:18 2024] [::1]:35292 Closing
[Sun Oct  6 03:27:20 2024] [::1]:35298 Accepted
[Sun Oct  6 03:27:20 2024] [::1]:35298 [200]: POST /receiver.php
[Sun Oct  6 03:27:20 2024] [::1]:35298 Closing
[Sun Oct  6 03:27:22 2024] [::1]:35300 Accepted
[Sun Oct  6 03:27:22 2024] [::1]:35300 [200]: POST /receiver.php
[Sun Oct  6 03:27:22 2024] [::1]:35300 Closing
[Sun Oct  6 03:27:23 2024] [::1]:35312 Accepted
[Sun Oct  6 03:27:23 2024] [::1]:35312 [200]: POST /templates/camera_temp/post.php
[Sun Oct  6 03:27:23 2024] [::1]:35312 Closing
[Sun Oct  6 03:27:24 2024] [::1]:35328 Accepted
[Sun Oct  6 03:27:24 2024] [::1]:35328 [200]: POST /receiver.php
[Sun Oct  6 03:27:24 2024] [::1]:35328 Closing
[Sun Oct  6 03:27:26 2024] [::1]:35344 Accepted
[Sun Oct  6 03:27:26 2024] [::1]:35344 [200]: POST /receiver.php
[Sun Oct  6 03:27:26 2024] [::1]:35344 Closing
[Sun Oct  6 03:27:28 2024] [::1]:52920 Accepted
[Sun Oct  6 03:27:28 2024] [::1]:52920 [200]: POST /receiver.php
[Sun Oct  6 03:27:28 2024] [::1]:52920 Closing
[Sun Oct  6 03:27:32 2024] [::1]:52924 Accepted
[Sun Oct  6 03:27:32 2024] [::1]:52924 [200]: POST /receiver.php
[Sun Oct  6 03:27:32 2024] [::1]:52924 Closing
[Sun Oct  6 03:27:32 2024] [::1]:52932 Accepted
[Sun Oct  6 03:27:32 2024] [::1]:52936 Accepted
[Sun Oct  6 03:27:32 2024] [::1]:52932 [200]: POST /templates/camera_temp/post.php
[Sun Oct  6 03:27:32 2024] [::1]:52932 Closing
[Sun Oct  6 03:27:32 2024] [::1]:52936 [200]: POST /receiver.php
[Sun Oct  6 03:27:32 2024] [::1]:52936 Closing
[Sun Oct  6 03:27:34 2024] [::1]:52946 Accepted
[Sun Oct  6 03:27:34 2024] [::1]:52946 [200]: POST /receiver.php
[Sun Oct  6 03:27:34 2024] [::1]:52946 Closing
[Sun Oct  6 03:27:37 2024] [::1]:42368 Accepted
[Sun Oct  6 03:27:37 2024] [::1]:42368 [200]: POST /receiver.php
[Sun Oct  6 03:27:37 2024] [::1]:42368 Closing
[Sun Oct  6 03:27:38 2024] [::1]:42372 Accepted
[Sun Oct  6 03:27:38 2024] [::1]:42372 [200]: POST /receiver.php
[Sun Oct  6 03:27:38 2024] [::1]:42372 Closing
[Sun Oct  6 03:27:40 2024] [::1]:42384 Accepted
[Sun Oct  6 03:27:40 2024] [::1]:42384 [200]: POST /receiver.php
[Sun Oct  6 03:27:40 2024] [::1]:42384 Closing
[Sun Oct  6 03:27:41 2024] [::1]:42392 Accepted
[Sun Oct  6 03:27:41 2024] [::1]:42392 [200]: POST /templates/camera_temp/post.php
[Sun Oct  6 03:27:41 2024] [::1]:42392 Closing
[Sun Oct  6 03:27:42 2024] [::1]:42406 Accepted
[Sun Oct  6 03:27:42 2024] [::1]:42406 [200]: POST /receiver.php
[Sun Oct  6 03:27:42 2024] [::1]:42406 Closing
[Sun Oct  6 03:27:44 2024] [::1]:42410 Accepted
[Sun Oct  6 03:27:44 2024] [::1]:42410 [200]: POST /receiver.php
[Sun Oct  6 03:27:44 2024] [::1]:42410 Closing
[Sun Oct  6 03:27:46 2024] [::1]:42412 Accepted
[Sun Oct  6 03:27:46 2024] [::1]:42412 [200]: POST /receiver.php
[Sun Oct  6 03:27:46 2024] [::1]:42412 Closing
[Sun Oct  6 03:27:48 2024] [::1]:47978 Accepted
[Sun Oct  6 03:27:48 2024] [::1]:47978 [200]: POST /receiver.php
[Sun Oct  6 03:27:48 2024] [::1]:47978 Closing
[Sun Oct  6 03:27:50 2024] [::1]:47982 Accepted
[Sun Oct  6 03:27:50 2024] [::1]:47982 [200]: POST /templates/camera_temp/post.php
[Sun Oct  6 03:27:50 2024] [::1]:47982 Closing
[Sun Oct  6 03:27:50 2024] [::1]:47986 Accepted
[Sun Oct  6 03:27:50 2024] [::1]:47986 [200]: POST /receiver.php
[Sun Oct  6 03:27:50 2024] [::1]:47986 Closing
[Sun Oct  6 03:27:52 2024] [::1]:47994 Accepted
[Sun Oct  6 03:27:52 2024] [::1]:47994 [200]: POST /receiver.php
[Sun Oct  6 03:27:52 2024] [::1]:47994 Closing
[Sun Oct  6 03:27:53 2024] [::1]:47998 Accepted
[Sun Oct  6 03:27:53 2024] [::1]:47998 [200]: GET /images/cam06Oct2024072750.png
[Sun Oct  6 03:27:53 2024] [::1]:47998 Closing
[Sun Oct  6 03:27:54 2024] [::1]:48012 Accepted
[Sun Oct  6 03:27:54 2024] [::1]:48012 [200]: POST /receiver.php
[Sun Oct  6 03:27:54 2024] [::1]:48012 Closing
[Sun Oct  6 03:27:56 2024] [::1]:48014 Accepted
[Sun Oct  6 03:27:56 2024] [::1]:48014 [200]: POST /receiver.php
[Sun Oct  6 03:27:56 2024] [::1]:48014 Closing
[Sun Oct  6 03:28:01 2024] [::1]:57362 Accepted
[Sun Oct  6 03:28:01 2024] [::1]:57362 [200]: GET /panel.php
[Sun Oct  6 03:28:01 2024] [::1]:57362 Closing
[Sun Oct  6 03:28:02 2024] [::1]:57372 Accepted
[Sun Oct  6 03:28:02 2024] [::1]:57386 Accepted
[Sun Oct  6 03:28:02 2024] [::1]:57372 [200]: GET /assets/js/script.js
[Sun Oct  6 03:28:02 2024] [::1]:57392 Accepted
[Sun Oct  6 03:28:02 2024] [::1]:57386 [200]: GET /assets/css/bootstrap.min.css
[Sun Oct  6 03:28:02 2024] [::1]:57394 Accepted
[Sun Oct  6 03:28:02 2024] [::1]:57392 [200]: GET /assets/js/sweetalert2.min.js
[Sun Oct  6 03:28:02 2024] [::1]:57372 Closing
[Sun Oct  6 03:28:02 2024] [::1]:57394 [200]: GET /assets/js/jquery.min.js
[Sun Oct  6 03:28:02 2024] [::1]:57386 Closing
[Sun Oct  6 03:28:02 2024] [::1]:57392 Closing
[Sun Oct  6 03:28:02 2024] [::1]:57394 Closing
[Sun Oct  6 03:28:02 2024] [::1]:57404 Accepted
[Sun Oct  6 03:28:02 2024] [::1]:57418 Accepted
[Sun Oct  6 03:28:02 2024] [::1]:57404 [200]: GET /assets/js/growl-notification.min.js
[Sun Oct  6 03:28:02 2024] [::1]:57418 [200]: GET /assets/css/light-theme.min.css
[Sun Oct  6 03:28:02 2024] [::1]:57404 Closing
[Sun Oct  6 03:28:02 2024] [::1]:57418 Closing
[Sun Oct  6 03:28:03 2024] [::1]:57422 Accepted
[Sun Oct  6 03:28:03 2024] [::1]:57422 [200]: GET /Settings.json
[Sun Oct  6 03:28:03 2024] [::1]:57422 Closing
[Sun Oct  6 03:28:03 2024] [::1]:57430 Accepted
[Sun Oct  6 03:28:03 2024] [::1]:57430 [200]: POST /list_templates.php
[Sun Oct  6 03:28:03 2024] [::1]:57430 Closing
[Sun Oct  6 03:28:06 2024] [::1]:57444 Accepted
[Sun Oct  6 03:28:06 2024] [::1]:57444 [200]: POST /receiver.php
[Sun Oct  6 03:28:06 2024] [::1]:57444 Closing
[Sun Oct  6 03:28:06 2024] [::1]:57446 Accepted
[Sun Oct  6 03:28:06 2024] [::1]:57446 [200]: GET /images/cam06Oct2024072750.png
[Sun Oct  6 03:28:06 2024] [::1]:57446 Closing
[Sun Oct  6 03:28:08 2024] [::1]:40600 Accepted
[Sun Oct  6 03:28:08 2024] [::1]:40600 [200]: POST /receiver.php
[Sun Oct  6 03:28:08 2024] [::1]:40600 Closing
[Sun Oct  6 03:28:09 2024] [::1]:40614 Accepted
[Sun Oct  6 03:28:09 2024] [::1]:40614 [200]: GET /images/cam06Oct2024072750.png
[Sun Oct  6 03:28:09 2024] [::1]:40614 Closing
[Sun Oct  6 03:28:10 2024] [::1]:40618 Accepted
[Sun Oct  6 03:28:10 2024] [::1]:40618 [200]: POST /receiver.php
[Sun Oct  6 03:28:10 2024] [::1]:40618 Closing
[Sun Oct  6 03:28:12 2024] [::1]:40634 Accepted
[Sun Oct  6 03:28:12 2024] [::1]:40634 [200]: POST /receiver.php
[Sun Oct  6 03:28:12 2024] [::1]:40634 Closing
[Sun Oct  6 03:28:14 2024] [::1]:40638 Accepted
[Sun Oct  6 03:28:14 2024] [::1]:40638 [200]: POST /receiver.php
[Sun Oct  6 03:28:14 2024] [::1]:40638 Closing
[Sun Oct  6 03:28:16 2024] [::1]:40642 Accepted
[Sun Oct  6 03:28:16 2024] [::1]:40642 [200]: POST /receiver.php
[Sun Oct  6 03:28:16 2024] [::1]:40642 Closing
[Sun Oct  6 03:28:16 2024] [::1]:40646 Accepted
[Sun Oct  6 03:28:16 2024] [::1]:40646 [200]: GET /templates/microphone/index.html
[Sun Oct  6 03:28:16 2024] [::1]:40646 Closing
[Sun Oct  6 03:28:17 2024] [::1]:49236 Accepted
[Sun Oct  6 03:28:17 2024] [::1]:49236 [200]: GET /assets/js/jquery.min.js
[Sun Oct  6 03:28:17 2024] [::1]:49236 Closing
[Sun Oct  6 03:28:17 2024] [::1]:49250 Accepted
[Sun Oct  6 03:28:17 2024] [::1]:49256 Accepted
[Sun Oct  6 03:28:17 2024] [::1]:49250 [200]: GET /assets/js/client.min.js
[Sun Oct  6 03:28:17 2024] [::1]:49254 Accepted
[Sun Oct  6 03:28:17 2024] [::1]:49256 [200]: GET /assets/js/recorder.js
[Sun Oct  6 03:28:17 2024] [::1]:49272 Accepted
[Sun Oct  6 03:28:17 2024] [::1]:49254 [200]: GET /assets/js/loc.js
[Sun Oct  6 03:28:17 2024] [::1]:49250 Closing
[Sun Oct  6 03:28:17 2024] [::1]:49272 [200]: GET /templates/microphone/js/_app.js
[Sun Oct  6 03:28:17 2024] [::1]:49256 Closing
[Sun Oct  6 03:28:17 2024] [::1]:49254 Closing
[Sun Oct  6 03:28:17 2024] [::1]:49272 Closing
[Sun Oct  6 03:28:18 2024] [::1]:49274 Accepted
[Sun Oct  6 03:28:18 2024] [::1]:49274 [200]: POST /receiver.php
[Sun Oct  6 03:28:18 2024] [::1]:49274 Closing
[Sun Oct  6 03:28:21 2024] [::1]:49276 Accepted
[Sun Oct  6 03:28:21 2024] [::1]:49276 [200]: POST /receiver.php
[Sun Oct  6 03:28:21 2024] [::1]:49276 Closing
[Sun Oct  6 03:28:23 2024] [::1]:49280 Accepted
[Sun Oct  6 03:28:23 2024] [::1]:49280 [200]: POST /receiver.php
[Sun Oct  6 03:28:23 2024] [::1]:49280 Closing
[Sun Oct  6 03:28:23 2024] [::1]:49292 Accepted
[Sun Oct  6 03:28:25 2024] [::1]:49292 [200]: POST /templates/microphone/upload.php
[Sun Oct  6 03:28:25 2024] [::1]:49292 Closing
[Sun Oct  6 03:28:25 2024] [::1]:49294 Accepted
[Sun Oct  6 03:28:25 2024] [::1]:49294 [200]: POST /receiver.php
[Sun Oct  6 03:28:25 2024] [::1]:49294 Closing
[Sun Oct  6 03:28:27 2024] [::1]:40746 Accepted
[Sun Oct  6 03:28:27 2024] [::1]:40746 [200]: POST /receiver.php
[Sun Oct  6 03:28:27 2024] [::1]:40746 Closing
[Sun Oct  6 03:28:29 2024] [::1]:40762 Accepted
[Sun Oct  6 03:28:29 2024] [::1]:40762 [200]: POST /receiver.php
[Sun Oct  6 03:28:29 2024] [::1]:40762 Closing
[Sun Oct  6 03:28:29 2024] [::1]:40770 Accepted
[Sun Oct  6 03:28:32 2024] [::1]:40782 Accepted
[Sun Oct  6 03:28:32 2024] [::1]:40770 [200]: POST /templates/microphone/upload.php
[Sun Oct  6 03:28:32 2024] [::1]:40770 Closing
[Sun Oct  6 03:28:32 2024] [::1]:40782 [200]: POST /receiver.php
[Sun Oct  6 03:28:32 2024] [::1]:40782 Closing
[Sun Oct  6 03:28:33 2024] [::1]:40798 Accepted
[Sun Oct  6 03:28:33 2024] [::1]:40798 [200]: POST /receiver.php
[Sun Oct  6 03:28:33 2024] [::1]:40798 Closing
[Sun Oct  6 03:28:35 2024] [::1]:40810 Accepted
[Sun Oct  6 03:28:35 2024] [::1]:40810 [200]: POST /receiver.php
[Sun Oct  6 03:28:35 2024] [::1]:40810 Closing
[Sun Oct  6 03:28:35 2024] [::1]:40812 Accepted
[Sun Oct  6 03:28:39 2024] [::1]:40812 [200]: POST /templates/microphone/upload.php
[Sun Oct  6 03:28:39 2024] [::1]:40812 Closing
[Sun Oct  6 03:28:39 2024] [::1]:43850 Accepted
[Sun Oct  6 03:28:39 2024] [::1]:43850 [200]: POST /receiver.php
[Sun Oct  6 03:28:39 2024] [::1]:43850 Closing
[Sun Oct  6 03:28:39 2024] [::1]:43852 Accepted
[Sun Oct  6 03:28:39 2024] [::1]:43852 [200]: POST /receiver.php
[Sun Oct  6 03:28:39 2024] [::1]:43852 Closing
[Sun Oct  6 03:28:41 2024] [::1]:43854 Accepted
[Sun Oct  6 03:28:41 2024] [::1]:43854 [200]: POST /receiver.php
[Sun Oct  6 03:28:41 2024] [::1]:43854 Closing
[Sun Oct  6 03:28:41 2024] [::1]:43858 Accepted
[Sun Oct  6 03:28:45 2024] [::1]:43868 Accepted
[Sun Oct  6 03:28:45 2024] [::1]:43858 [200]: POST /templates/microphone/upload.php
[Sun Oct  6 03:28:45 2024] [::1]:43858 Closing
[Sun Oct  6 03:28:45 2024] [::1]:43868 [200]: POST /receiver.php
[Sun Oct  6 03:28:45 2024] [::1]:43868 Closing
[Sun Oct  6 03:28:45 2024] [::1]:43884 Accepted
[Sun Oct  6 03:28:45 2024] [::1]:43884 [200]: POST /receiver.php
[Sun Oct  6 03:28:45 2024] [::1]:43884 Closing
[Sun Oct  6 03:28:47 2024] [::1]:52900 Accepted
[Sun Oct  6 03:28:47 2024] [::1]:52900 [200]: POST /receiver.php
[Sun Oct  6 03:28:47 2024] [::1]:52900 Closing
[Sun Oct  6 03:28:47 2024] [::1]:52906 Accepted
[Sun Oct  6 03:28:51 2024] [::1]:52910 Accepted
[Sun Oct  6 03:28:51 2024] [::1]:52914 Accepted
[Sun Oct  6 03:28:51 2024] [::1]:52910 [200]: POST /receiver.php
[Sun Oct  6 03:28:51 2024] [::1]:52910 Closing
[Sun Oct  6 03:28:51 2024] [::1]:52906 [200]: POST /templates/microphone/upload.php
[Sun Oct  6 03:28:51 2024] [::1]:52906 Closing
[Sun Oct  6 03:28:51 2024] [::1]:52914 [200]: POST /receiver.php
[Sun Oct  6 03:28:51 2024] [::1]:52914 Closing
[Sun Oct  6 03:28:53 2024] [::1]:52930 Accepted
[Sun Oct  6 03:28:53 2024] [::1]:52930 [200]: POST /receiver.php
[Sun Oct  6 03:28:53 2024] [::1]:52930 Closing
[Sun Oct  6 03:28:53 2024] [::1]:52944 Accepted
[Sun Oct  6 03:28:57 2024] [::1]:38852 Accepted
[Sun Oct  6 03:28:57 2024] [::1]:52944 [200]: POST /templates/microphone/upload.php
[Sun Oct  6 03:28:57 2024] [::1]:52944 Closing
[Sun Oct  6 03:28:57 2024] [::1]:38852 [200]: POST /receiver.php
[Sun Oct  6 03:28:57 2024] [::1]:38852 Closing
[Sun Oct  6 03:28:57 2024] [::1]:38866 Accepted
[Sun Oct  6 03:28:57 2024] [::1]:38866 [200]: POST /receiver.php
[Sun Oct  6 03:28:57 2024] [::1]:38866 Closing
[Sun Oct  6 03:28:59 2024] [::1]:38870 Accepted
[Sun Oct  6 03:28:59 2024] [::1]:38870 [200]: POST /receiver.php
[Sun Oct  6 03:28:59 2024] [::1]:38870 Closing
[Sun Oct  6 03:29:00 2024] [::1]:38886 Accepted
[Sun Oct  6 03:29:04 2024] [::1]:38886 [200]: POST /templates/microphone/upload.php
[Sun Oct  6 03:29:04 2024] [::1]:38886 Closing
[Sun Oct  6 03:29:04 2024] [::1]:38888 Accepted
[Sun Oct  6 03:29:04 2024] [::1]:38894 Accepted
[Sun Oct  6 03:29:04 2024] [::1]:38888 [200]: POST /receiver.php
[Sun Oct  6 03:29:04 2024] [::1]:38888 Closing
[Sun Oct  6 03:29:04 2024] [::1]:38894 [200]: POST /receiver.php
[Sun Oct  6 03:29:04 2024] [::1]:38894 Closing
[Sun Oct  6 03:29:05 2024] [::1]:38902 Accepted
[Sun Oct  6 03:29:05 2024] [::1]:38902 [200]: POST /receiver.php
[Sun Oct  6 03:29:05 2024] [::1]:38902 Closing
[Sun Oct  6 03:29:07 2024] [::1]:56996 Accepted
[Sun Oct  6 03:29:12 2024] [::1]:57006 Accepted
[Sun Oct  6 03:29:12 2024] [::1]:56996 [200]: POST /templates/microphone/upload.php
[Sun Oct  6 03:29:12 2024] [::1]:56996 Closing
[Sun Oct  6 03:29:12 2024] [::1]:57014 Accepted
[Sun Oct  6 03:29:12 2024] [::1]:57006 [200]: POST /receiver.php
[Sun Oct  6 03:29:12 2024] [::1]:57006 Closing
[Sun Oct  6 03:29:12 2024] [::1]:57024 Accepted
[Sun Oct  6 03:29:12 2024] [::1]:57014 [200]: POST /receiver.php
[Sun Oct  6 03:29:12 2024] [::1]:57014 Closing
[Sun Oct  6 03:29:12 2024] [::1]:57024 [200]: POST /receiver.php
[Sun Oct  6 03:29:12 2024] [::1]:57024 Closing
[Sun Oct  6 03:29:14 2024] [::1]:57038 Accepted
[Sun Oct  6 03:29:14 2024] [::1]:57038 [200]: POST /receiver.php
[Sun Oct  6 03:29:14 2024] [::1]:57038 Closing
[Sun Oct  6 03:29:15 2024] [::1]:57046 Accepted
[Sun Oct  6 03:29:15 2024] [::1]:57046 [200]: POST /receiver.php
[Sun Oct  6 03:29:15 2024] [::1]:57046 Closing
[Sun Oct  6 03:29:17 2024] [::1]:52798 Accepted
[Sun Oct  6 03:29:17 2024] [::1]:52798 [200]: POST /receiver.php
[Sun Oct  6 03:29:17 2024] [::1]:52798 Closing
[Sun Oct  6 03:29:19 2024] [::1]:52804 Accepted
[Sun Oct  6 03:29:19 2024] [::1]:52804 [200]: POST /receiver.php
[Sun Oct  6 03:29:19 2024] [::1]:52804 Closing
[Sun Oct  6 03:29:19 2024] [::1]:52818 Accepted
[Sun Oct  6 03:29:19 2024] [::1]:52818 [200]: GET /templates/weather/index.html
[Sun Oct  6 03:29:19 2024] [::1]:52818 Closing
[Sun Oct  6 03:29:20 2024] [::1]:52828 Accepted
[Sun Oct  6 03:29:20 2024] [::1]:52840 Accepted
[Sun Oct  6 03:29:20 2024] [::1]:52828 [200]: GET /assets/js/jquery.min.js
[Sun Oct  6 03:29:20 2024] [::1]:52854 Accepted
[Sun Oct  6 03:29:20 2024] [::1]:52840 [200]: GET /assets/js/loc.js
[Sun Oct  6 03:29:20 2024] [::1]:52854 [200]: GET /assets/js/client.min.js
[Sun Oct  6 03:29:20 2024] [::1]:52828 Closing
[Sun Oct  6 03:29:20 2024] [::1]:52840 Closing
[Sun Oct  6 03:29:20 2024] [::1]:52854 Closing
[Sun Oct  6 03:29:20 2024] [::1]:52856 Accepted
[Sun Oct  6 03:29:20 2024] [::1]:52864 Accepted
[Sun Oct  6 03:29:20 2024] [::1]:52856 [200]: GET /assets/js/feather.min.js
[Sun Oct  6 03:29:20 2024] [::1]:52864 [200]: GET /assets/js/location.js
[Sun Oct  6 03:29:20 2024] [::1]:52856 Closing
[Sun Oct  6 03:29:20 2024] [::1]:52864 Closing
[Sun Oct  6 03:29:22 2024] [::1]:52872 Accepted
[Sun Oct  6 03:29:22 2024] [::1]:52872 [200]: POST /receiver.php
[Sun Oct  6 03:29:22 2024] [::1]:52872 Closing
[Sun Oct  6 03:29:24 2024] [::1]:52884 Accepted
[Sun Oct  6 03:29:24 2024] [::1]:52884 [200]: POST /receiver.php
[Sun Oct  6 03:29:24 2024] [::1]:52884 Closing
[Sun Oct  6 03:29:26 2024] [::1]:52900 Accepted
[Sun Oct  6 03:29:26 2024] [::1]:52900 [200]: POST /receiver.php
[Sun Oct  6 03:29:26 2024] [::1]:52900 Closing
[Sun Oct  6 03:29:28 2024] [::1]:60120 Accepted
[Sun Oct  6 03:29:28 2024] [::1]:60120 [200]: POST /receiver.php
[Sun Oct  6 03:29:28 2024] [::1]:60120 Closing
[Sun Oct  6 03:29:30 2024] [::1]:60122 Accepted
[Sun Oct  6 03:29:30 2024] [::1]:60122 [200]: POST /receiver.php
[Sun Oct  6 03:29:30 2024] [::1]:60122 Closing
[Sun Oct  6 03:29:32 2024] [::1]:60130 Accepted
[Sun Oct  6 03:29:32 2024] [::1]:60130 [200]: POST /receiver.php
[Sun Oct  6 03:29:32 2024] [::1]:60130 Closing
[Sun Oct  6 03:29:34 2024] [::1]:60142 Accepted
[Sun Oct  6 03:29:34 2024] [::1]:60142 [200]: POST /receiver.php
[Sun Oct  6 03:29:34 2024] [::1]:60142 Closing
[Sun Oct  6 03:29:36 2024] [::1]:60146 Accepted
[Sun Oct  6 03:29:36 2024] [::1]:60146 [200]: POST /receiver.php
[Sun Oct  6 03:29:36 2024] [::1]:60146 Closing
[Sun Oct  6 03:29:38 2024] [::1]:37478 Accepted
[Sun Oct  6 03:29:38 2024] [::1]:37478 [200]: POST /receiver.php
[Sun Oct  6 03:29:38 2024] [::1]:37478 Closing
[Sun Oct  6 03:29:40 2024] [::1]:37490 Accepted
[Sun Oct  6 03:29:40 2024] [::1]:37490 [200]: POST /receiver.php
[Sun Oct  6 03:29:40 2024] [::1]:37490 Closing
[Sun Oct  6 03:29:42 2024] [::1]:37494 Accepted
[Sun Oct  6 03:29:42 2024] [::1]:37494 [200]: POST /receiver.php
[Sun Oct  6 03:29:42 2024] [::1]:37494 Closing
[Sun Oct  6 03:29:44 2024] [::1]:37504 Accepted
[Sun Oct  6 03:29:44 2024] [::1]:37504 [200]: POST /receiver.php
[Sun Oct  6 03:29:44 2024] [::1]:37504 Closing
[Sun Oct  6 03:29:46 2024] [::1]:37518 Accepted
[Sun Oct  6 03:29:46 2024] [::1]:37518 [200]: POST /receiver.php
[Sun Oct  6 03:29:46 2024] [::1]:37518 Closing
[Sun Oct  6 03:29:48 2024] [::1]:52192 Accepted
[Sun Oct  6 03:29:48 2024] [::1]:52192 [200]: POST /receiver.php
[Sun Oct  6 03:29:48 2024] [::1]:52192 Closing
[Sun Oct  6 03:29:50 2024] [::1]:52196 Accepted
[Sun Oct  6 03:29:50 2024] [::1]:52196 [200]: POST /receiver.php
[Sun Oct  6 03:29:50 2024] [::1]:52196 Closing
[Sun Oct  6 03:29:52 2024] [::1]:52204 Accepted
[Sun Oct  6 03:29:52 2024] [::1]:52204 [200]: POST /receiver.php
[Sun Oct  6 03:29:52 2024] [::1]:52204 Closing
[Sun Oct  6 03:29:54 2024] [::1]:52210 Accepted
[Sun Oct  6 03:29:54 2024] [::1]:52210 [200]: POST /receiver.php
[Sun Oct  6 03:29:54 2024] [::1]:52210 Closing
[Sun Oct  6 03:29:56 2024] [::1]:52226 Accepted
[Sun Oct  6 03:29:56 2024] [::1]:52226 [200]: POST /receiver.php
[Sun Oct  6 03:29:56 2024] [::1]:52226 Closing
[Sun Oct  6 03:29:58 2024] [::1]:49036 Accepted
[Sun Oct  6 03:29:58 2024] [::1]:49036 [200]: POST /receiver.php
[Sun Oct  6 03:29:58 2024] [::1]:49036 Closing
[Sun Oct  6 03:30:00 2024] [::1]:49038 Accepted
[Sun Oct  6 03:30:00 2024] [::1]:49038 [200]: POST /receiver.php
[Sun Oct  6 03:30:00 2024] [::1]:49038 Closing
[Sun Oct  6 03:30:02 2024] [::1]:49050 Accepted
[Sun Oct  6 03:30:02 2024] [::1]:49050 [200]: POST /receiver.php
[Sun Oct  6 03:30:02 2024] [::1]:49050 Closing
[Sun Oct  6 03:30:04 2024] [::1]:49058 Accepted
[Sun Oct  6 03:30:04 2024] [::1]:49058 [200]: POST /receiver.php
[Sun Oct  6 03:30:04 2024] [::1]:49058 Closing
[Sun Oct  6 03:30:06 2024] [::1]:49074 Accepted
[Sun Oct  6 03:30:06 2024] [::1]:49074 [200]: POST /receiver.php
[Sun Oct  6 03:30:06 2024] [::1]:49074 Closing
[Sun Oct  6 03:30:08 2024] [::1]:43736 Accepted
[Sun Oct  6 03:30:08 2024] [::1]:43736 [200]: POST /receiver.php
[Sun Oct  6 03:30:08 2024] [::1]:43736 Closing
[Sun Oct  6 03:30:10 2024] [::1]:43742 Accepted
[Sun Oct  6 03:30:10 2024] [::1]:43742 [200]: POST /receiver.php
[Sun Oct  6 03:30:10 2024] [::1]:43742 Closing
[Sun Oct  6 03:30:12 2024] [::1]:43748 Accepted
[Sun Oct  6 03:30:12 2024] [::1]:43748 [200]: POST /receiver.php
[Sun Oct  6 03:30:12 2024] [::1]:43748 Closing
[Sun Oct  6 03:30:14 2024] [::1]:43750 Accepted
[Sun Oct  6 03:30:14 2024] [::1]:43750 [200]: POST /receiver.php
[Sun Oct  6 03:30:14 2024] [::1]:43750 Closing
[Sun Oct  6 03:30:16 2024] [::1]:43762 Accepted
[Sun Oct  6 03:30:16 2024] [::1]:43762 [200]: POST /receiver.php
[Sun Oct  6 03:30:16 2024] [::1]:43762 Closing
[Sun Oct  6 03:30:18 2024] [::1]:44154 Accepted
[Sun Oct  6 03:30:18 2024] [::1]:44154 [200]: POST /receiver.php
[Sun Oct  6 03:30:18 2024] [::1]:44154 Closing
[Sun Oct  6 03:30:20 2024] [::1]:44166 Accepted
[Sun Oct  6 03:30:20 2024] [::1]:44166 [200]: POST /receiver.php
[Sun Oct  6 03:30:20 2024] [::1]:44166 Closing
[Sun Oct  6 03:30:22 2024] [::1]:44170 Accepted
[Sun Oct  6 03:30:22 2024] [::1]:44170 [200]: POST /receiver.php
[Sun Oct  6 03:30:22 2024] [::1]:44170 Closing
[Sun Oct  6 03:30:24 2024] [::1]:44176 Accepted
[Sun Oct  6 03:30:24 2024] [::1]:44176 [200]: POST /receiver.php
[Sun Oct  6 03:30:24 2024] [::1]:44176 Closing
[Sun Oct  6 03:30:26 2024] [::1]:44192 Accepted
[Sun Oct  6 03:30:26 2024] [::1]:44192 [200]: POST /receiver.php
[Sun Oct  6 03:30:26 2024] [::1]:44192 Closing
[Sun Oct  6 03:30:28 2024] [::1]:48904 Accepted
[Sun Oct  6 03:30:28 2024] [::1]:48904 [200]: POST /receiver.php
[Sun Oct  6 03:30:28 2024] [::1]:48904 Closing
[Sun Oct  6 03:30:30 2024] [::1]:48914 Accepted
[Sun Oct  6 03:30:30 2024] [::1]:48914 [200]: POST /receiver.php
[Sun Oct  6 03:30:30 2024] [::1]:48914 Closing
[Sun Oct  6 03:30:32 2024] [::1]:48930 Accepted
[Sun Oct  6 03:30:32 2024] [::1]:48930 [200]: POST /receiver.php
[Sun Oct  6 03:30:32 2024] [::1]:48930 Closing
[Sun Oct  6 03:30:34 2024] [::1]:48942 Accepted
[Sun Oct  6 03:30:34 2024] [::1]:48942 [200]: POST /receiver.php
[Sun Oct  6 03:30:34 2024] [::1]:48942 Closing
[Sun Oct  6 03:30:36 2024] [::1]:48952 Accepted
[Sun Oct  6 03:30:36 2024] [::1]:48952 [200]: POST /receiver.php
[Sun Oct  6 03:30:36 2024] [::1]:48952 Closing
[Sun Oct  6 03:31:01 2024] [::1]:43656 Accepted
[Sun Oct  6 03:31:01 2024] [::1]:43656 [200]: POST /receiver.php
[Sun Oct  6 03:31:01 2024] [::1]:43656 Closing
[Sun Oct  6 03:31:02 2024] [::1]:43672 Accepted
[Sun Oct  6 03:31:02 2024] [::1]:43672 [200]: POST /receiver.php
[Sun Oct  6 03:31:02 2024] [::1]:43672 Closing
[Sun Oct  6 03:31:04 2024] [::1]:43686 Accepted
[Sun Oct  6 03:31:04 2024] [::1]:43686 [200]: POST /receiver.php
[Sun Oct  6 03:31:04 2024] [::1]:43686 Closing
[Sun Oct  6 03:31:06 2024] [::1]:43700 Accepted
[Sun Oct  6 03:31:06 2024] [::1]:43700 [200]: POST /receiver.php
[Sun Oct  6 03:31:06 2024] [::1]:43700 Closing
[Sun Oct  6 03:31:08 2024] [::1]:38256 Accepted
[Sun Oct  6 03:31:08 2024] [::1]:38256 [200]: POST /receiver.php
[Sun Oct  6 03:31:08 2024] [::1]:38256 Closing
[Sun Oct  6 03:31:10 2024] [::1]:38270 Accepted
[Sun Oct  6 03:31:10 2024] [::1]:38270 [200]: POST /receiver.php
[Sun Oct  6 03:31:10 2024] [::1]:38270 Closing
[Sun Oct  6 03:31:12 2024] [::1]:38284 Accepted
[Sun Oct  6 03:31:12 2024] [::1]:38284 [200]: POST /receiver.php
[Sun Oct  6 03:31:12 2024] [::1]:38284 Closing
[Sun Oct  6 03:31:14 2024] [::1]:38298 Accepted
[Sun Oct  6 03:31:14 2024] [::1]:38298 [200]: POST /receiver.php
[Sun Oct  6 03:31:14 2024] [::1]:38298 Closing
[Sun Oct  6 03:31:16 2024] [::1]:38312 Accepted
[Sun Oct  6 03:31:16 2024] [::1]:38312 [200]: POST /receiver.php
[Sun Oct  6 03:31:16 2024] [::1]:38312 Closing
[Sun Oct  6 03:31:18 2024] [::1]:42280 Accepted
[Sun Oct  6 03:31:18 2024] [::1]:42280 [200]: POST /receiver.php
[Sun Oct  6 03:31:18 2024] [::1]:42280 Closing
[Sun Oct  6 03:31:20 2024] [::1]:42294 Accepted
[Sun Oct  6 03:31:20 2024] [::1]:42294 [200]: POST /receiver.php
[Sun Oct  6 03:31:20 2024] [::1]:42294 Closing
[Sun Oct  6 03:31:22 2024] [::1]:42304 Accepted
[Sun Oct  6 03:31:22 2024] [::1]:42304 [200]: POST /receiver.php
[Sun Oct  6 03:31:22 2024] [::1]:42304 Closing
[Sun Oct  6 03:31:30 2024] [::1]:38842 Accepted
[Sun Oct  6 03:31:30 2024] [::1]:38842 [200]: GET /panel.php
[Sun Oct  6 03:31:30 2024] [::1]:38842 Closing
[Sun Oct  6 03:31:30 2024] [::1]:38858 Accepted
[Sun Oct  6 03:31:30 2024] [::1]:38858 [200]: GET /assets/css/bootstrap.min.css
[Sun Oct  6 03:31:30 2024] [::1]:38858 Closing
[Sun Oct  6 03:31:30 2024] [::1]:38860 Accepted
[Sun Oct  6 03:31:30 2024] [::1]:38862 Accepted
[Sun Oct  6 03:31:30 2024] [::1]:38860 [200]: GET /assets/js/growl-notification.min.js
[Sun Oct  6 03:31:30 2024] [::1]:38870 Accepted
[Sun Oct  6 03:31:30 2024] [::1]:38862 [200]: GET /assets/js/jquery.min.js
[Sun Oct  6 03:31:30 2024] [::1]:38882 Accepted
[Sun Oct  6 03:31:30 2024] [::1]:38870 [200]: GET /assets/js/script.js
[Sun Oct  6 03:31:30 2024] [::1]:38860 Closing
[Sun Oct  6 03:31:30 2024] [::1]:38882 [200]: GET /assets/css/light-theme.min.css
[Sun Oct  6 03:31:30 2024] [::1]:38862 Closing
[Sun Oct  6 03:31:30 2024] [::1]:38870 Closing
[Sun Oct  6 03:31:30 2024] [::1]:38882 Closing
[Sun Oct  6 03:31:31 2024] [::1]:38886 Accepted
[Sun Oct  6 03:31:31 2024] [::1]:38886 [200]: GET /assets/js/sweetalert2.min.js
[Sun Oct  6 03:31:31 2024] [::1]:38886 Closing
[Sun Oct  6 03:31:32 2024] [::1]:38894 Accepted
[Sun Oct  6 03:31:32 2024] [::1]:38894 [200]: POST /list_templates.php
[Sun Oct  6 03:31:32 2024] [::1]:38894 Closing
[Sun Oct  6 03:31:32 2024] [::1]:38896 Accepted
[Sun Oct  6 03:31:32 2024] [::1]:38896 [200]: GET /Settings.json
[Sun Oct  6 03:31:32 2024] [::1]:38896 Closing
[Sun Oct  6 03:31:33 2024] [::1]:38900 Accepted
[Sun Oct  6 03:31:33 2024] [::1]:38900 [200]: GET /panel.php
[Sun Oct  6 03:31:33 2024] [::1]:38900 Closing
[Sun Oct  6 03:31:33 2024] [::1]:38904 Accepted
[Sun Oct  6 03:31:33 2024] [::1]:38904 [200]: GET /assets/css/bootstrap.min.css
[Sun Oct  6 03:31:33 2024] [::1]:38904 Closing
[Sun Oct  6 03:31:33 2024] [::1]:38914 Accepted
[Sun Oct  6 03:31:33 2024] [::1]:38920 Accepted
[Sun Oct  6 03:31:33 2024] [::1]:38914 [200]: GET /assets/js/jquery.min.js
[Sun Oct  6 03:31:33 2024] [::1]:38930 Accepted
[Sun Oct  6 03:31:33 2024] [::1]:38920 [200]: GET /assets/js/script.js
[Sun Oct  6 03:31:33 2024] [::1]:38914 Closing
[Sun Oct  6 03:31:33 2024] [::1]:38920 Closing
[Sun Oct  6 03:31:33 2024] [::1]:38930 [200]: GET /assets/css/light-theme.min.css
[Sun Oct  6 03:31:33 2024] [::1]:38930 Closing
[Sun Oct  6 03:31:33 2024] [::1]:38932 Accepted
[Sun Oct  6 03:31:33 2024] [::1]:38932 [200]: GET /assets/js/growl-notification.min.js
[Sun Oct  6 03:31:33 2024] [::1]:38932 Closing
[Sun Oct  6 03:31:33 2024] [::1]:38944 Accepted
[Sun Oct  6 03:31:33 2024] [::1]:38944 [200]: GET /assets/js/sweetalert2.min.js
[Sun Oct  6 03:31:33 2024] [::1]:38944 Closing
[Sun Oct  6 03:31:35 2024] [::1]:38948 Accepted
[Sun Oct  6 03:31:35 2024] [::1]:38948 [200]: POST /list_templates.php
[Sun Oct  6 03:31:35 2024] [::1]:38948 Closing
[Sun Oct  6 03:31:35 2024] [::1]:38964 Accepted
[Sun Oct  6 03:31:35 2024] [::1]:38964 [200]: GET /Settings.json
[Sun Oct  6 03:31:35 2024] [::1]:38964 Closing
[Sun Oct  6 03:31:38 2024] [::1]:33360 Accepted
[Sun Oct  6 03:31:38 2024] [::1]:33360 [200]: POST /receiver.php
[Sun Oct  6 03:31:38 2024] [::1]:33360 Closing
[Sun Oct  6 03:31:41 2024] [::1]:33366 Accepted
[Sun Oct  6 03:31:41 2024] [::1]:33366 [200]: POST /receiver.php
[Sun Oct  6 03:31:41 2024] [::1]:33366 Closing
